Scanning dependencies of target LLVMSupport
[  0%] Building CXX object lib/Support/CMakeFiles/LLVMSupport.dir/APFloat.cpp.o
[  0%] Building CXX object lib/Support/CMakeFiles/LLVMSupport.dir/APInt.cpp.o
[  0%] Building CXX object lib/Support/CMakeFiles/LLVMSupport.dir/APSInt.cpp.o
[  0%] Building CXX object lib/Support/CMakeFiles/LLVMSupport.dir/ARMBuildAttrs.cpp.o
[  0%] Building CXX object lib/Support/CMakeFiles/LLVMSupport.dir/ARMWinEH.cpp.o
[  1%] Building CXX object lib/Support/CMakeFiles/LLVMSupport.dir/Allocator.cpp.o
[  1%] Building CXX object lib/Support/CMakeFiles/LLVMSupport.dir/BlockFrequency.cpp.o
[  1%] Building CXX object lib/Support/CMakeFiles/LLVMSupport.dir/BranchProbability.cpp.o
[  1%] Building CXX object lib/Support/CMakeFiles/LLVMSupport.dir/circular_raw_ostream.cpp.o
[  1%] Building CXX object lib/Support/CMakeFiles/LLVMSupport.dir/CommandLine.cpp.o
[  1%] Building CXX object lib/Support/CMakeFiles/LLVMSupport.dir/Compression.cpp.o
[  1%] Building C object lib/Support/CMakeFiles/LLVMSupport.dir/ConvertUTF.c.o
[  1%] Building CXX object lib/Support/CMakeFiles/LLVMSupport.dir/ConvertUTFWrapper.cpp.o
[  1%] Building CXX object lib/Support/CMakeFiles/LLVMSupport.dir/CrashRecoveryContext.cpp.o
[  2%] Building CXX object lib/Support/CMakeFiles/LLVMSupport.dir/DataExtractor.cpp.o
[  2%] Building CXX object lib/Support/CMakeFiles/LLVMSupport.dir/DataStream.cpp.o
[  2%] Building CXX object lib/Support/CMakeFiles/LLVMSupport.dir/Debug.cpp.o
[  2%] Building CXX object lib/Support/CMakeFiles/LLVMSupport.dir/DeltaAlgorithm.cpp.o
[  2%] Building CXX object lib/Support/CMakeFiles/LLVMSupport.dir/DAGDeltaAlgorithm.cpp.o
[  2%] Building CXX object lib/Support/CMakeFiles/LLVMSupport.dir/Dwarf.cpp.o
[  2%] Building CXX object lib/Support/CMakeFiles/LLVMSupport.dir/ErrorHandling.cpp.o
[  2%] Building CXX object lib/Support/CMakeFiles/LLVMSupport.dir/FileUtilities.cpp.o
[  2%] Building CXX object lib/Support/CMakeFiles/LLVMSupport.dir/FileOutputBuffer.cpp.o
[  2%] Building CXX object lib/Support/CMakeFiles/LLVMSupport.dir/FoldingSet.cpp.o
[  3%] Building CXX object lib/Support/CMakeFiles/LLVMSupport.dir/FormattedStream.cpp.o
[  3%] Building CXX object lib/Support/CMakeFiles/LLVMSupport.dir/GraphWriter.cpp.o
[  3%] Building CXX object lib/Support/CMakeFiles/LLVMSupport.dir/Hashing.cpp.o
[  3%] Building CXX object lib/Support/CMakeFiles/LLVMSupport.dir/IntEqClasses.cpp.o
[  3%] Building CXX object lib/Support/CMakeFiles/LLVMSupport.dir/IntervalMap.cpp.o
[  3%] Building CXX object lib/Support/CMakeFiles/LLVMSupport.dir/IntrusiveRefCntPtr.cpp.o
[  3%] Building CXX object lib/Support/CMakeFiles/LLVMSupport.dir/IsInf.cpp.o
[  3%] Building CXX object lib/Support/CMakeFiles/LLVMSupport.dir/IsNAN.cpp.o
[  3%] Building CXX object lib/Support/CMakeFiles/LLVMSupport.dir/LEB128.cpp.o
[  3%] Building CXX object lib/Support/CMakeFiles/LLVMSupport.dir/LineIterator.cpp.o
[  4%] Building CXX object lib/Support/CMakeFiles/LLVMSupport.dir/Locale.cpp.o
[  4%] Building CXX object lib/Support/CMakeFiles/LLVMSupport.dir/LockFileManager.cpp.o
[  4%] Building CXX object lib/Support/CMakeFiles/LLVMSupport.dir/ManagedStatic.cpp.o
[  4%] Building CXX object lib/Support/CMakeFiles/LLVMSupport.dir/MathExtras.cpp.o
[  4%] Building CXX object lib/Support/CMakeFiles/LLVMSupport.dir/MemoryBuffer.cpp.o
[  4%] Building CXX object lib/Support/CMakeFiles/LLVMSupport.dir/MemoryObject.cpp.o
[  4%] Building CXX object lib/Support/CMakeFiles/LLVMSupport.dir/MD5.cpp.o
[  4%] Building CXX object lib/Support/CMakeFiles/LLVMSupport.dir/Options.cpp.o
[  4%] Building CXX object lib/Support/CMakeFiles/LLVMSupport.dir/PluginLoader.cpp.o
[  4%] Building CXX object lib/Support/CMakeFiles/LLVMSupport.dir/PrettyStackTrace.cpp.o
[  5%] Building CXX object lib/Support/CMakeFiles/LLVMSupport.dir/RandomNumberGenerator.cpp.o
[  5%] Building CXX object lib/Support/CMakeFiles/LLVMSupport.dir/Regex.cpp.o
[  5%] Building CXX object lib/Support/CMakeFiles/LLVMSupport.dir/ScaledNumber.cpp.o
[  5%] Building CXX object lib/Support/CMakeFiles/LLVMSupport.dir/SmallPtrSet.cpp.o
[  5%] Building CXX object lib/Support/CMakeFiles/LLVMSupport.dir/SmallVector.cpp.o
[  5%] Building CXX object lib/Support/CMakeFiles/LLVMSupport.dir/SourceMgr.cpp.o
[  5%] Building CXX object lib/Support/CMakeFiles/LLVMSupport.dir/SpecialCaseList.cpp.o
[  5%] Building CXX object lib/Support/CMakeFiles/LLVMSupport.dir/Statistic.cpp.o
[  5%] Building CXX object lib/Support/CMakeFiles/LLVMSupport.dir/StreamingMemoryObject.cpp.o
[  5%] Building CXX object lib/Support/CMakeFiles/LLVMSupport.dir/StringExtras.cpp.o
[  6%] Building CXX object lib/Support/CMakeFiles/LLVMSupport.dir/StringMap.cpp.o
[  6%] Building CXX object lib/Support/CMakeFiles/LLVMSupport.dir/StringPool.cpp.o
[  6%] Building CXX object lib/Support/CMakeFiles/LLVMSupport.dir/StringRef.cpp.o
[  6%] Building CXX object lib/Support/CMakeFiles/LLVMSupport.dir/SystemUtils.cpp.o
[  6%] Building CXX object lib/Support/CMakeFiles/LLVMSupport.dir/Timer.cpp.o
[  6%] Building CXX object lib/Support/CMakeFiles/LLVMSupport.dir/ToolOutputFile.cpp.o
[  6%] Building CXX object lib/Support/CMakeFiles/LLVMSupport.dir/Triple.cpp.o
[  6%] Building CXX object lib/Support/CMakeFiles/LLVMSupport.dir/Twine.cpp.o
[  6%] Building CXX object lib/Support/CMakeFiles/LLVMSupport.dir/Unicode.cpp.o
[  6%] Building CXX object lib/Support/CMakeFiles/LLVMSupport.dir/YAMLParser.cpp.o
[  8%] Building CXX object lib/Support/CMakeFiles/LLVMSupport.dir/YAMLTraits.cpp.o
[  8%] Building CXX object lib/Support/CMakeFiles/LLVMSupport.dir/raw_os_ostream.cpp.o
[  8%] Building CXX object lib/Support/CMakeFiles/LLVMSupport.dir/raw_ostream.cpp.o
[  8%] Building C object lib/Support/CMakeFiles/LLVMSupport.dir/regcomp.c.o
[  8%] Building C object lib/Support/CMakeFiles/LLVMSupport.dir/regerror.c.o
[  8%] Building C object lib/Support/CMakeFiles/LLVMSupport.dir/regexec.c.o
[  8%] Building C object lib/Support/CMakeFiles/LLVMSupport.dir/regfree.c.o
[  8%] Building C object lib/Support/CMakeFiles/LLVMSupport.dir/regstrlcpy.c.o
[  8%] Building CXX object lib/Support/CMakeFiles/LLVMSupport.dir/Atomic.cpp.o
[  8%] Building CXX object lib/Support/CMakeFiles/LLVMSupport.dir/DynamicLibrary.cpp.o
[  9%] Building CXX object lib/Support/CMakeFiles/LLVMSupport.dir/Errno.cpp.o
[  9%] Building CXX object lib/Support/CMakeFiles/LLVMSupport.dir/Host.cpp.o
[  9%] Building CXX object lib/Support/CMakeFiles/LLVMSupport.dir/Memory.cpp.o
[  9%] Building CXX object lib/Support/CMakeFiles/LLVMSupport.dir/Mutex.cpp.o
[  9%] Building CXX object lib/Support/CMakeFiles/LLVMSupport.dir/Path.cpp.o
[  9%] Building CXX object lib/Support/CMakeFiles/LLVMSupport.dir/Process.cpp.o
[  9%] Building CXX object lib/Support/CMakeFiles/LLVMSupport.dir/Program.cpp.o
[  9%] Building CXX object lib/Support/CMakeFiles/LLVMSupport.dir/RWMutex.cpp.o
[  9%] Building CXX object lib/Support/CMakeFiles/LLVMSupport.dir/SearchForAddressOfSpecialSymbol.cpp.o
[ 10%] Building CXX object lib/Support/CMakeFiles/LLVMSupport.dir/Signals.cpp.o
[ 10%] Building CXX object lib/Support/CMakeFiles/LLVMSupport.dir/TargetRegistry.cpp.o
[ 10%] Building CXX object lib/Support/CMakeFiles/LLVMSupport.dir/ThreadLocal.cpp.o
[ 10%] Building CXX object lib/Support/CMakeFiles/LLVMSupport.dir/Threading.cpp.o
[ 10%] Building CXX object lib/Support/CMakeFiles/LLVMSupport.dir/TimeValue.cpp.o
[ 10%] Building CXX object lib/Support/CMakeFiles/LLVMSupport.dir/Valgrind.cpp.o
[ 10%] Building CXX object lib/Support/CMakeFiles/LLVMSupport.dir/Watchdog.cpp.o
Linking CXX static library ../libLLVMSupport.a
[ 10%] Built target LLVMSupport
Scanning dependencies of target LLVMTableGen
[ 10%] Building CXX object lib/TableGen/CMakeFiles/LLVMTableGen.dir/Error.cpp.o
[ 10%] Building CXX object lib/TableGen/CMakeFiles/LLVMTableGen.dir/Main.cpp.o
[ 10%] Building CXX object lib/TableGen/CMakeFiles/LLVMTableGen.dir/Record.cpp.o
[ 11%] Building CXX object lib/TableGen/CMakeFiles/LLVMTableGen.dir/SetTheory.cpp.o
[ 11%] Building CXX object lib/TableGen/CMakeFiles/LLVMTableGen.dir/StringMatcher.cpp.o
[ 11%] Building CXX object lib/TableGen/CMakeFiles/LLVMTableGen.dir/TableGenBackend.cpp.o
[ 11%] Building CXX object lib/TableGen/CMakeFiles/LLVMTableGen.dir/TGLexer.cpp.o
[ 11%] Building CXX object lib/TableGen/CMakeFiles/LLVMTableGen.dir/TGParser.cpp.o
Linking CXX static library ../libLLVMTableGen.a
[ 11%] Built target LLVMTableGen
Scanning dependencies of target llvm-tblgen
[ 11%] Building CXX object utils/TableGen/CMakeFiles/llvm-tblgen.dir/AsmMatcherEmitter.cpp.o
[ 11%] Building CXX object utils/TableGen/CMakeFiles/llvm-tblgen.dir/AsmWriterEmitter.cpp.o
[ 12%] Building CXX object utils/TableGen/CMakeFiles/llvm-tblgen.dir/AsmWriterInst.cpp.o
[ 12%] Building CXX object utils/TableGen/CMakeFiles/llvm-tblgen.dir/CallingConvEmitter.cpp.o
[ 12%] Building CXX object utils/TableGen/CMakeFiles/llvm-tblgen.dir/CodeEmitterGen.cpp.o
[ 12%] Building CXX object utils/TableGen/CMakeFiles/llvm-tblgen.dir/CodeGenDAGPatterns.cpp.o
[ 12%] Building CXX object utils/TableGen/CMakeFiles/llvm-tblgen.dir/CodeGenInstruction.cpp.o
[ 12%] Building CXX object utils/TableGen/CMakeFiles/llvm-tblgen.dir/CodeGenMapTable.cpp.o
[ 12%] Building CXX object utils/TableGen/CMakeFiles/llvm-tblgen.dir/CodeGenRegisters.cpp.o
[ 12%] Building CXX object utils/TableGen/CMakeFiles/llvm-tblgen.dir/CodeGenSchedule.cpp.o
[ 12%] Building CXX object utils/TableGen/CMakeFiles/llvm-tblgen.dir/CodeGenTarget.cpp.o
[ 12%] Building CXX object utils/TableGen/CMakeFiles/llvm-tblgen.dir/DAGISelEmitter.cpp.o
[ 13%] Building CXX object utils/TableGen/CMakeFiles/llvm-tblgen.dir/DAGISelMatcherEmitter.cpp.o
[ 13%] Building CXX object utils/TableGen/CMakeFiles/llvm-tblgen.dir/DAGISelMatcherGen.cpp.o
[ 13%] Building CXX object utils/TableGen/CMakeFiles/llvm-tblgen.dir/DAGISelMatcherOpt.cpp.o
[ 13%] Building CXX object utils/TableGen/CMakeFiles/llvm-tblgen.dir/DAGISelMatcher.cpp.o
[ 13%] Building CXX object utils/TableGen/CMakeFiles/llvm-tblgen.dir/DFAPacketizerEmitter.cpp.o
[ 13%] Building CXX object utils/TableGen/CMakeFiles/llvm-tblgen.dir/DisassemblerEmitter.cpp.o
[ 13%] Building CXX object utils/TableGen/CMakeFiles/llvm-tblgen.dir/FastISelEmitter.cpp.o
[ 13%] Building CXX object utils/TableGen/CMakeFiles/llvm-tblgen.dir/FixedLenDecoderEmitter.cpp.o
[ 13%] Building CXX object utils/TableGen/CMakeFiles/llvm-tblgen.dir/InstrInfoEmitter.cpp.o
[ 13%] Building CXX object utils/TableGen/CMakeFiles/llvm-tblgen.dir/IntrinsicEmitter.cpp.o
[ 15%] Building CXX object utils/TableGen/CMakeFiles/llvm-tblgen.dir/OptParserEmitter.cpp.o
[ 15%] Building CXX object utils/TableGen/CMakeFiles/llvm-tblgen.dir/PseudoLoweringEmitter.cpp.o
[ 15%] Building CXX object utils/TableGen/CMakeFiles/llvm-tblgen.dir/RegisterInfoEmitter.cpp.o
[ 15%] Building CXX object utils/TableGen/CMakeFiles/llvm-tblgen.dir/SubtargetEmitter.cpp.o
[ 15%] Building CXX object utils/TableGen/CMakeFiles/llvm-tblgen.dir/TableGen.cpp.o
[ 15%] Building CXX object utils/TableGen/CMakeFiles/llvm-tblgen.dir/X86DisassemblerTables.cpp.o
[ 15%] Building CXX object utils/TableGen/CMakeFiles/llvm-tblgen.dir/X86ModRMFilters.cpp.o
[ 15%] Building CXX object utils/TableGen/CMakeFiles/llvm-tblgen.dir/X86RecognizableInstr.cpp.o
[ 15%] Building CXX object utils/TableGen/CMakeFiles/llvm-tblgen.dir/CTagsEmitter.cpp.o
Linking CXX executable ../../bin/llvm-tblgen
[ 15%] Built target llvm-tblgen
Scanning dependencies of target intrinsics_gen
[ 15%] Building Intrinsics.gen...
[ 15%] Updating Intrinsics.gen...
[ 15%] Built target intrinsics_gen
Scanning dependencies of target LLVMCore
[ 15%] Building CXX object lib/IR/CMakeFiles/LLVMCore.dir/AsmWriter.cpp.o
[ 15%] Building CXX object lib/IR/CMakeFiles/LLVMCore.dir/Attributes.cpp.o
[ 15%] Building CXX object lib/IR/CMakeFiles/LLVMCore.dir/AutoUpgrade.cpp.o
[ 15%] Building CXX object lib/IR/CMakeFiles/LLVMCore.dir/BasicBlock.cpp.o
[ 15%] Building CXX object lib/IR/CMakeFiles/LLVMCore.dir/Comdat.cpp.o
[ 16%] Building CXX object lib/IR/CMakeFiles/LLVMCore.dir/ConstantFold.cpp.o
[ 16%] Building CXX object lib/IR/CMakeFiles/LLVMCore.dir/ConstantRange.cpp.o
[ 16%] Building CXX object lib/IR/CMakeFiles/LLVMCore.dir/Constants.cpp.o
[ 16%] Building CXX object lib/IR/CMakeFiles/LLVMCore.dir/Core.cpp.o
[ 16%] Building CXX object lib/IR/CMakeFiles/LLVMCore.dir/DIBuilder.cpp.o
[ 16%] Building CXX object lib/IR/CMakeFiles/LLVMCore.dir/DataLayout.cpp.o
[ 16%] Building CXX object lib/IR/CMakeFiles/LLVMCore.dir/DebugInfo.cpp.o
[ 16%] Building CXX object lib/IR/CMakeFiles/LLVMCore.dir/DebugLoc.cpp.o
[ 16%] Building CXX object lib/IR/CMakeFiles/LLVMCore.dir/DiagnosticInfo.cpp.o
[ 16%] Building CXX object lib/IR/CMakeFiles/LLVMCore.dir/DiagnosticPrinter.cpp.o
[ 17%] Building CXX object lib/IR/CMakeFiles/LLVMCore.dir/Dominators.cpp.o
[ 17%] Building CXX object lib/IR/CMakeFiles/LLVMCore.dir/Function.cpp.o
[ 17%] Building CXX object lib/IR/CMakeFiles/LLVMCore.dir/GCOV.cpp.o
[ 17%] Building CXX object lib/IR/CMakeFiles/LLVMCore.dir/GVMaterializer.cpp.o
[ 17%] Building CXX object lib/IR/CMakeFiles/LLVMCore.dir/Globals.cpp.o
[ 17%] Building CXX object lib/IR/CMakeFiles/LLVMCore.dir/IRBuilder.cpp.o
[ 17%] Building CXX object lib/IR/CMakeFiles/LLVMCore.dir/IRPrintingPasses.cpp.o
[ 17%] Building CXX object lib/IR/CMakeFiles/LLVMCore.dir/InlineAsm.cpp.o
[ 17%] Building CXX object lib/IR/CMakeFiles/LLVMCore.dir/Instruction.cpp.o
[ 17%] Building CXX object lib/IR/CMakeFiles/LLVMCore.dir/Instructions.cpp.o
[ 18%] Building CXX object lib/IR/CMakeFiles/LLVMCore.dir/IntrinsicInst.cpp.o
[ 18%] Building CXX object lib/IR/CMakeFiles/LLVMCore.dir/LLVMContext.cpp.o
[ 18%] Building CXX object lib/IR/CMakeFiles/LLVMCore.dir/LLVMContextImpl.cpp.o
[ 18%] Building CXX object lib/IR/CMakeFiles/LLVMCore.dir/LegacyPassManager.cpp.o
[ 18%] Building CXX object lib/IR/CMakeFiles/LLVMCore.dir/MDBuilder.cpp.o
[ 18%] Building CXX object lib/IR/CMakeFiles/LLVMCore.dir/Mangler.cpp.o
[ 18%] Building CXX object lib/IR/CMakeFiles/LLVMCore.dir/Metadata.cpp.o
[ 18%] Building CXX object lib/IR/CMakeFiles/LLVMCore.dir/MetadataTracking.cpp.o
[ 18%] Building CXX object lib/IR/CMakeFiles/LLVMCore.dir/Module.cpp.o
[ 18%] Building CXX object lib/IR/CMakeFiles/LLVMCore.dir/Pass.cpp.o
[ 19%] Building CXX object lib/IR/CMakeFiles/LLVMCore.dir/PassManager.cpp.o
[ 19%] Building CXX object lib/IR/CMakeFiles/LLVMCore.dir/PassRegistry.cpp.o
[ 19%] Building CXX object lib/IR/CMakeFiles/LLVMCore.dir/Statepoint.cpp.o
[ 19%] Building CXX object lib/IR/CMakeFiles/LLVMCore.dir/Type.cpp.o
[ 19%] Building CXX object lib/IR/CMakeFiles/LLVMCore.dir/TypeFinder.cpp.o
[ 19%] Building CXX object lib/IR/CMakeFiles/LLVMCore.dir/Use.cpp.o
[ 19%] Building CXX object lib/IR/CMakeFiles/LLVMCore.dir/UseListOrder.cpp.o
[ 19%] Building CXX object lib/IR/CMakeFiles/LLVMCore.dir/User.cpp.o
[ 19%] Building CXX object lib/IR/CMakeFiles/LLVMCore.dir/Value.cpp.o
[ 19%] Building CXX object lib/IR/CMakeFiles/LLVMCore.dir/ValueSymbolTable.cpp.o
[ 20%] Building CXX object lib/IR/CMakeFiles/LLVMCore.dir/ValueTypes.cpp.o
[ 20%] Building CXX object lib/IR/CMakeFiles/LLVMCore.dir/Verifier.cpp.o
Linking CXX static library ../libLLVMCore.a
[ 20%] Built target LLVMCore
Scanning dependencies of target LLVMIRReader
[ 20%] Building CXX object lib/IRReader/CMakeFiles/LLVMIRReader.dir/IRReader.cpp.o
Linking CXX static library ../libLLVMIRReader.a
[ 20%] Built target LLVMIRReader
Scanning dependencies of target LLVMCodeGen
[ 20%] Building CXX object lib/CodeGen/CMakeFiles/LLVMCodeGen.dir/AggressiveAntiDepBreaker.cpp.o
[ 20%] Building CXX object lib/CodeGen/CMakeFiles/LLVMCodeGen.dir/AllocationOrder.cpp.o
[ 20%] Building CXX object lib/CodeGen/CMakeFiles/LLVMCodeGen.dir/Analysis.cpp.o
[ 20%] Building CXX object lib/CodeGen/CMakeFiles/LLVMCodeGen.dir/AtomicExpandPass.cpp.o
[ 22%] Building CXX object lib/CodeGen/CMakeFiles/LLVMCodeGen.dir/BasicTargetTransformInfo.cpp.o
[ 22%] Building CXX object lib/CodeGen/CMakeFiles/LLVMCodeGen.dir/BranchFolding.cpp.o
[ 22%] Building CXX object lib/CodeGen/CMakeFiles/LLVMCodeGen.dir/CalcSpillWeights.cpp.o
[ 22%] Building CXX object lib/CodeGen/CMakeFiles/LLVMCodeGen.dir/CallingConvLower.cpp.o
[ 22%] Building CXX object lib/CodeGen/CMakeFiles/LLVMCodeGen.dir/CodeGen.cpp.o
[ 22%] Building CXX object lib/CodeGen/CMakeFiles/LLVMCodeGen.dir/CodeGenPrepare.cpp.o
[ 22%] Building CXX object lib/CodeGen/CMakeFiles/LLVMCodeGen.dir/CriticalAntiDepBreaker.cpp.o
[ 22%] Building CXX object lib/CodeGen/CMakeFiles/LLVMCodeGen.dir/DFAPacketizer.cpp.o
[ 22%] Building CXX object lib/CodeGen/CMakeFiles/LLVMCodeGen.dir/DeadMachineInstructionElim.cpp.o
[ 22%] Building CXX object lib/CodeGen/CMakeFiles/LLVMCodeGen.dir/DwarfEHPrepare.cpp.o
[ 23%] Building CXX object lib/CodeGen/CMakeFiles/LLVMCodeGen.dir/EarlyIfConversion.cpp.o
[ 23%] Building CXX object lib/CodeGen/CMakeFiles/LLVMCodeGen.dir/EdgeBundles.cpp.o
[ 23%] Building CXX object lib/CodeGen/CMakeFiles/LLVMCodeGen.dir/ErlangGC.cpp.o
[ 23%] Building CXX object lib/CodeGen/CMakeFiles/LLVMCodeGen.dir/ExecutionDepsFix.cpp.o
[ 23%] Building CXX object lib/CodeGen/CMakeFiles/LLVMCodeGen.dir/ExpandISelPseudos.cpp.o
[ 23%] Building CXX object lib/CodeGen/CMakeFiles/LLVMCodeGen.dir/ExpandPostRAPseudos.cpp.o
[ 23%] Building CXX object lib/CodeGen/CMakeFiles/LLVMCodeGen.dir/ForwardControlFlowIntegrity.cpp.o
[ 23%] Building CXX object lib/CodeGen/CMakeFiles/LLVMCodeGen.dir/GCMetadata.cpp.o
[ 23%] Building CXX object lib/CodeGen/CMakeFiles/LLVMCodeGen.dir/GCMetadataPrinter.cpp.o
[ 23%] Building CXX object lib/CodeGen/CMakeFiles/LLVMCodeGen.dir/GCStrategy.cpp.o
[ 24%] Building CXX object lib/CodeGen/CMakeFiles/LLVMCodeGen.dir/GlobalMerge.cpp.o
[ 24%] Building CXX object lib/CodeGen/CMakeFiles/LLVMCodeGen.dir/IfConversion.cpp.o
[ 24%] Building CXX object lib/CodeGen/CMakeFiles/LLVMCodeGen.dir/InlineSpiller.cpp.o
[ 24%] Building CXX object lib/CodeGen/CMakeFiles/LLVMCodeGen.dir/InterferenceCache.cpp.o
[ 24%] Building CXX object lib/CodeGen/CMakeFiles/LLVMCodeGen.dir/IntrinsicLowering.cpp.o
[ 24%] Building CXX object lib/CodeGen/CMakeFiles/LLVMCodeGen.dir/JumpInstrTables.cpp.o
[ 24%] Building CXX object lib/CodeGen/CMakeFiles/LLVMCodeGen.dir/LLVMTargetMachine.cpp.o
[ 24%] Building CXX object lib/CodeGen/CMakeFiles/LLVMCodeGen.dir/LatencyPriorityQueue.cpp.o
[ 24%] Building CXX object lib/CodeGen/CMakeFiles/LLVMCodeGen.dir/LexicalScopes.cpp.o
[ 24%] Building CXX object lib/CodeGen/CMakeFiles/LLVMCodeGen.dir/LiveDebugVariables.cpp.o
[ 25%] Building CXX object lib/CodeGen/CMakeFiles/LLVMCodeGen.dir/LiveInterval.cpp.o
[ 25%] Building CXX object lib/CodeGen/CMakeFiles/LLVMCodeGen.dir/LiveIntervalAnalysis.cpp.o
[ 25%] Building CXX object lib/CodeGen/CMakeFiles/LLVMCodeGen.dir/LiveIntervalUnion.cpp.o
[ 25%] Building CXX object lib/CodeGen/CMakeFiles/LLVMCodeGen.dir/LiveRangeCalc.cpp.o
[ 25%] Building CXX object lib/CodeGen/CMakeFiles/LLVMCodeGen.dir/LiveRangeEdit.cpp.o
[ 25%] Building CXX object lib/CodeGen/CMakeFiles/LLVMCodeGen.dir/LiveRegMatrix.cpp.o
[ 25%] Building CXX object lib/CodeGen/CMakeFiles/LLVMCodeGen.dir/LivePhysRegs.cpp.o
[ 25%] Building CXX object lib/CodeGen/CMakeFiles/LLVMCodeGen.dir/LiveStackAnalysis.cpp.o
[ 25%] Building CXX object lib/CodeGen/CMakeFiles/LLVMCodeGen.dir/LiveVariables.cpp.o
[ 26%] Building CXX object lib/CodeGen/CMakeFiles/LLVMCodeGen.dir/LocalStackSlotAllocation.cpp.o
[ 26%] Building CXX object lib/CodeGen/CMakeFiles/LLVMCodeGen.dir/MachineBasicBlock.cpp.o
[ 26%] Building CXX object lib/CodeGen/CMakeFiles/LLVMCodeGen.dir/MachineBlockFrequencyInfo.cpp.o
[ 26%] Building CXX object lib/CodeGen/CMakeFiles/LLVMCodeGen.dir/MachineBlockPlacement.cpp.o
[ 26%] Building CXX object lib/CodeGen/CMakeFiles/LLVMCodeGen.dir/MachineBranchProbabilityInfo.cpp.o
[ 26%] Building CXX object lib/CodeGen/CMakeFiles/LLVMCodeGen.dir/MachineCSE.cpp.o
[ 26%] Building CXX object lib/CodeGen/CMakeFiles/LLVMCodeGen.dir/MachineCombiner.cpp.o
[ 26%] Building CXX object lib/CodeGen/CMakeFiles/LLVMCodeGen.dir/MachineCopyPropagation.cpp.o
[ 26%] Building CXX object lib/CodeGen/CMakeFiles/LLVMCodeGen.dir/MachineDominators.cpp.o
[ 26%] Building CXX object lib/CodeGen/CMakeFiles/LLVMCodeGen.dir/MachineDominanceFrontier.cpp.o
[ 27%] Building CXX object lib/CodeGen/CMakeFiles/LLVMCodeGen.dir/MachineFunction.cpp.o
[ 27%] Building CXX object lib/CodeGen/CMakeFiles/LLVMCodeGen.dir/MachineFunctionAnalysis.cpp.o
[ 27%] Building CXX object lib/CodeGen/CMakeFiles/LLVMCodeGen.dir/MachineFunctionPass.cpp.o
[ 27%] Building CXX object lib/CodeGen/CMakeFiles/LLVMCodeGen.dir/MachineFunctionPrinterPass.cpp.o
[ 27%] Building CXX object lib/CodeGen/CMakeFiles/LLVMCodeGen.dir/MachineInstr.cpp.o
[ 27%] Building CXX object lib/CodeGen/CMakeFiles/LLVMCodeGen.dir/MachineInstrBundle.cpp.o
[ 27%] Building CXX object lib/CodeGen/CMakeFiles/LLVMCodeGen.dir/MachineLICM.cpp.o
[ 27%] Building CXX object lib/CodeGen/CMakeFiles/LLVMCodeGen.dir/MachineLoopInfo.cpp.o
[ 27%] Building CXX object lib/CodeGen/CMakeFiles/LLVMCodeGen.dir/MachineModuleInfo.cpp.o
[ 27%] Building CXX object lib/CodeGen/CMakeFiles/LLVMCodeGen.dir/MachineModuleInfoImpls.cpp.o
[ 29%] Building CXX object lib/CodeGen/CMakeFiles/LLVMCodeGen.dir/MachinePassRegistry.cpp.o
[ 29%] Building CXX object lib/CodeGen/CMakeFiles/LLVMCodeGen.dir/MachinePostDominators.cpp.o
[ 29%] Building CXX object lib/CodeGen/CMakeFiles/LLVMCodeGen.dir/MachineRegisterInfo.cpp.o
[ 29%] Building CXX object lib/CodeGen/CMakeFiles/LLVMCodeGen.dir/MachineRegionInfo.cpp.o
[ 29%] Building CXX object lib/CodeGen/CMakeFiles/LLVMCodeGen.dir/MachineSSAUpdater.cpp.o
[ 29%] Building CXX object lib/CodeGen/CMakeFiles/LLVMCodeGen.dir/MachineScheduler.cpp.o
[ 29%] Building CXX object lib/CodeGen/CMakeFiles/LLVMCodeGen.dir/MachineSink.cpp.o
[ 29%] Building CXX object lib/CodeGen/CMakeFiles/LLVMCodeGen.dir/MachineTraceMetrics.cpp.o
[ 29%] Building CXX object lib/CodeGen/CMakeFiles/LLVMCodeGen.dir/MachineVerifier.cpp.o
[ 29%] Building CXX object lib/CodeGen/CMakeFiles/LLVMCodeGen.dir/OcamlGC.cpp.o
[ 30%] Building CXX object lib/CodeGen/CMakeFiles/LLVMCodeGen.dir/OptimizePHIs.cpp.o
[ 30%] Building CXX object lib/CodeGen/CMakeFiles/LLVMCodeGen.dir/PHIElimination.cpp.o
[ 30%] Building CXX object lib/CodeGen/CMakeFiles/LLVMCodeGen.dir/PHIEliminationUtils.cpp.o
[ 30%] Building CXX object lib/CodeGen/CMakeFiles/LLVMCodeGen.dir/Passes.cpp.o
[ 30%] Building CXX object lib/CodeGen/CMakeFiles/LLVMCodeGen.dir/PeepholeOptimizer.cpp.o
[ 30%] Building CXX object lib/CodeGen/CMakeFiles/LLVMCodeGen.dir/PostRASchedulerList.cpp.o
[ 30%] Building CXX object lib/CodeGen/CMakeFiles/LLVMCodeGen.dir/ProcessImplicitDefs.cpp.o
[ 30%] Building CXX object lib/CodeGen/CMakeFiles/LLVMCodeGen.dir/PrologEpilogInserter.cpp.o
[ 30%] Building CXX object lib/CodeGen/CMakeFiles/LLVMCodeGen.dir/PseudoSourceValue.cpp.o
[ 30%] Building CXX object lib/CodeGen/CMakeFiles/LLVMCodeGen.dir/RegAllocBase.cpp.o
[ 31%] Building CXX object lib/CodeGen/CMakeFiles/LLVMCodeGen.dir/RegAllocBasic.cpp.o
[ 31%] Building CXX object lib/CodeGen/CMakeFiles/LLVMCodeGen.dir/RegAllocFast.cpp.o
[ 31%] Building CXX object lib/CodeGen/CMakeFiles/LLVMCodeGen.dir/RegAllocGreedy.cpp.o
[ 31%] Building CXX object lib/CodeGen/CMakeFiles/LLVMCodeGen.dir/RegAllocPBQP.cpp.o
[ 31%] Building CXX object lib/CodeGen/CMakeFiles/LLVMCodeGen.dir/RegisterClassInfo.cpp.o
[ 31%] Building CXX object lib/CodeGen/CMakeFiles/LLVMCodeGen.dir/RegisterCoalescer.cpp.o
[ 31%] Building CXX object lib/CodeGen/CMakeFiles/LLVMCodeGen.dir/RegisterPressure.cpp.o
[ 31%] Building CXX object lib/CodeGen/CMakeFiles/LLVMCodeGen.dir/RegisterScavenging.cpp.o
[ 31%] Building CXX object lib/CodeGen/CMakeFiles/LLVMCodeGen.dir/ScheduleDAG.cpp.o
[ 31%] Building CXX object lib/CodeGen/CMakeFiles/LLVMCodeGen.dir/ScheduleDAGInstrs.cpp.o
[ 32%] Building CXX object lib/CodeGen/CMakeFiles/LLVMCodeGen.dir/ScheduleDAGPrinter.cpp.o
[ 32%] Building CXX object lib/CodeGen/CMakeFiles/LLVMCodeGen.dir/ScoreboardHazardRecognizer.cpp.o
[ 32%] Building CXX object lib/CodeGen/CMakeFiles/LLVMCodeGen.dir/ShadowStackGC.cpp.o
[ 32%] Building CXX object lib/CodeGen/CMakeFiles/LLVMCodeGen.dir/SjLjEHPrepare.cpp.o
[ 32%] Building CXX object lib/CodeGen/CMakeFiles/LLVMCodeGen.dir/SlotIndexes.cpp.o
[ 32%] Building CXX object lib/CodeGen/CMakeFiles/LLVMCodeGen.dir/SpillPlacement.cpp.o
[ 32%] Building CXX object lib/CodeGen/CMakeFiles/LLVMCodeGen.dir/SplitKit.cpp.o
[ 32%] Building CXX object lib/CodeGen/CMakeFiles/LLVMCodeGen.dir/StackColoring.cpp.o
[ 32%] Building CXX object lib/CodeGen/CMakeFiles/LLVMCodeGen.dir/StackProtector.cpp.o
[ 32%] Building CXX object lib/CodeGen/CMakeFiles/LLVMCodeGen.dir/StackSlotColoring.cpp.o
[ 33%] Building CXX object lib/CodeGen/CMakeFiles/LLVMCodeGen.dir/StackMapLivenessAnalysis.cpp.o
[ 33%] Building CXX object lib/CodeGen/CMakeFiles/LLVMCodeGen.dir/StackMaps.cpp.o
[ 33%] Building CXX object lib/CodeGen/CMakeFiles/LLVMCodeGen.dir/StatepointExampleGC.cpp.o
[ 33%] Building CXX object lib/CodeGen/CMakeFiles/LLVMCodeGen.dir/TailDuplication.cpp.o
[ 33%] Building CXX object lib/CodeGen/CMakeFiles/LLVMCodeGen.dir/TargetFrameLoweringImpl.cpp.o
[ 33%] Building CXX object lib/CodeGen/CMakeFiles/LLVMCodeGen.dir/TargetInstrInfo.cpp.o
[ 33%] Building CXX object lib/CodeGen/CMakeFiles/LLVMCodeGen.dir/TargetLoweringBase.cpp.o
[ 33%] Building CXX object lib/CodeGen/CMakeFiles/LLVMCodeGen.dir/TargetLoweringObjectFileImpl.cpp.o
[ 33%] Building CXX object lib/CodeGen/CMakeFiles/LLVMCodeGen.dir/TargetOptionsImpl.cpp.o
[ 34%] Building CXX object lib/CodeGen/CMakeFiles/LLVMCodeGen.dir/TargetRegisterInfo.cpp.o
[ 34%] Building CXX object lib/CodeGen/CMakeFiles/LLVMCodeGen.dir/TargetSchedule.cpp.o
[ 34%] Building CXX object lib/CodeGen/CMakeFiles/LLVMCodeGen.dir/TwoAddressInstructionPass.cpp.o
[ 34%] Building CXX object lib/CodeGen/CMakeFiles/LLVMCodeGen.dir/UnreachableBlockElim.cpp.o
[ 34%] Building CXX object lib/CodeGen/CMakeFiles/LLVMCodeGen.dir/VirtRegMap.cpp.o
Linking CXX static library ../libLLVMCodeGen.a
[ 34%] Built target LLVMCodeGen
Scanning dependencies of target LLVMSelectionDAG
[ 34%] Building CXX object lib/CodeGen/SelectionDAG/CMakeFiles/LLVMSelectionDAG.dir/DAGCombiner.cpp.o
[ 34%] Building CXX object lib/CodeGen/SelectionDAG/CMakeFiles/LLVMSelectionDAG.dir/FastISel.cpp.o
[ 34%] Building CXX object lib/CodeGen/SelectionDAG/CMakeFiles/LLVMSelectionDAG.dir/FunctionLoweringInfo.cpp.o
[ 34%] Building CXX object lib/CodeGen/SelectionDAG/CMakeFiles/LLVMSelectionDAG.dir/InstrEmitter.cpp.o
[ 34%] Building CXX object lib/CodeGen/SelectionDAG/CMakeFiles/LLVMSelectionDAG.dir/LegalizeDAG.cpp.o
[ 34%] Building CXX object lib/CodeGen/SelectionDAG/CMakeFiles/LLVMSelectionDAG.dir/LegalizeFloatTypes.cpp.o
[ 34%] Building CXX object lib/CodeGen/SelectionDAG/CMakeFiles/LLVMSelectionDAG.dir/LegalizeIntegerTypes.cpp.o
[ 34%] Building CXX object lib/CodeGen/SelectionDAG/CMakeFiles/LLVMSelectionDAG.dir/LegalizeTypes.cpp.o
[ 34%] Building CXX object lib/CodeGen/SelectionDAG/CMakeFiles/LLVMSelectionDAG.dir/LegalizeTypesGeneric.cpp.o
[ 36%] Building CXX object lib/CodeGen/SelectionDAG/CMakeFiles/LLVMSelectionDAG.dir/LegalizeVectorOps.cpp.o
[ 36%] Building CXX object lib/CodeGen/SelectionDAG/CMakeFiles/LLVMSelectionDAG.dir/LegalizeVectorTypes.cpp.o
[ 36%] Building CXX object lib/CodeGen/SelectionDAG/CMakeFiles/LLVMSelectionDAG.dir/ResourcePriorityQueue.cpp.o
[ 36%] Building CXX object lib/CodeGen/SelectionDAG/CMakeFiles/LLVMSelectionDAG.dir/ScheduleDAGFast.cpp.o
[ 36%] Building CXX object lib/CodeGen/SelectionDAG/CMakeFiles/LLVMSelectionDAG.dir/ScheduleDAGRRList.cpp.o
[ 36%] Building CXX object lib/CodeGen/SelectionDAG/CMakeFiles/LLVMSelectionDAG.dir/ScheduleDAGSDNodes.cpp.o
[ 36%] Building CXX object lib/CodeGen/SelectionDAG/CMakeFiles/LLVMSelectionDAG.dir/SelectionDAG.cpp.o
[ 36%] Building CXX object lib/CodeGen/SelectionDAG/CMakeFiles/LLVMSelectionDAG.dir/SelectionDAGBuilder.cpp.o
[ 36%] Building CXX object lib/CodeGen/SelectionDAG/CMakeFiles/LLVMSelectionDAG.dir/SelectionDAGDumper.cpp.o
[ 36%] Building CXX object lib/CodeGen/SelectionDAG/CMakeFiles/LLVMSelectionDAG.dir/SelectionDAGISel.cpp.o
[ 37%] Building CXX object lib/CodeGen/SelectionDAG/CMakeFiles/LLVMSelectionDAG.dir/SelectionDAGPrinter.cpp.o
[ 37%] Building CXX object lib/CodeGen/SelectionDAG/CMakeFiles/LLVMSelectionDAG.dir/StatepointLowering.cpp.o
[ 37%] Building CXX object lib/CodeGen/SelectionDAG/CMakeFiles/LLVMSelectionDAG.dir/ScheduleDAGVLIW.cpp.o
[ 37%] Building CXX object lib/CodeGen/SelectionDAG/CMakeFiles/LLVMSelectionDAG.dir/TargetLowering.cpp.o
[ 37%] Building CXX object lib/CodeGen/SelectionDAG/CMakeFiles/LLVMSelectionDAG.dir/TargetSelectionDAGInfo.cpp.o
Linking CXX static library ../../libLLVMSelectionDAG.a
[ 37%] Built target LLVMSelectionDAG
Scanning dependencies of target LLVMAsmPrinter
[ 37%] Building CXX object lib/CodeGen/AsmPrinter/CMakeFiles/LLVMAsmPrinter.dir/AddressPool.cpp.o
[ 37%] Building CXX object lib/CodeGen/AsmPrinter/CMakeFiles/LLVMAsmPrinter.dir/ARMException.cpp.o
[ 38%] Building CXX object lib/CodeGen/AsmPrinter/CMakeFiles/LLVMAsmPrinter.dir/AsmPrinter.cpp.o
[ 38%] Building CXX object lib/CodeGen/AsmPrinter/CMakeFiles/LLVMAsmPrinter.dir/AsmPrinterDwarf.cpp.o
[ 38%] Building CXX object lib/CodeGen/AsmPrinter/CMakeFiles/LLVMAsmPrinter.dir/AsmPrinterInlineAsm.cpp.o
[ 38%] Building CXX object lib/CodeGen/AsmPrinter/CMakeFiles/LLVMAsmPrinter.dir/DbgValueHistoryCalculator.cpp.o
[ 38%] Building CXX object lib/CodeGen/AsmPrinter/CMakeFiles/LLVMAsmPrinter.dir/DIE.cpp.o
[ 38%] Building CXX object lib/CodeGen/AsmPrinter/CMakeFiles/LLVMAsmPrinter.dir/DIEHash.cpp.o
[ 38%] Building CXX object lib/CodeGen/AsmPrinter/CMakeFiles/LLVMAsmPrinter.dir/DwarfAccelTable.cpp.o
[ 38%] Building CXX object lib/CodeGen/AsmPrinter/CMakeFiles/LLVMAsmPrinter.dir/DwarfCFIException.cpp.o
[ 38%] Building CXX object lib/CodeGen/AsmPrinter/CMakeFiles/LLVMAsmPrinter.dir/DwarfCompileUnit.cpp.o
[ 38%] Building CXX object lib/CodeGen/AsmPrinter/CMakeFiles/LLVMAsmPrinter.dir/DwarfDebug.cpp.o
[ 39%] Building CXX object lib/CodeGen/AsmPrinter/CMakeFiles/LLVMAsmPrinter.dir/DwarfExpression.cpp.o
[ 39%] Building CXX object lib/CodeGen/AsmPrinter/CMakeFiles/LLVMAsmPrinter.dir/DwarfFile.cpp.o
[ 39%] Building CXX object lib/CodeGen/AsmPrinter/CMakeFiles/LLVMAsmPrinter.dir/DwarfStringPool.cpp.o
[ 39%] Building CXX object lib/CodeGen/AsmPrinter/CMakeFiles/LLVMAsmPrinter.dir/DwarfUnit.cpp.o
[ 39%] Building CXX object lib/CodeGen/AsmPrinter/CMakeFiles/LLVMAsmPrinter.dir/EHStreamer.cpp.o
[ 39%] Building CXX object lib/CodeGen/AsmPrinter/CMakeFiles/LLVMAsmPrinter.dir/ErlangGCPrinter.cpp.o
[ 39%] Building CXX object lib/CodeGen/AsmPrinter/CMakeFiles/LLVMAsmPrinter.dir/OcamlGCPrinter.cpp.o
[ 39%] Building CXX object lib/CodeGen/AsmPrinter/CMakeFiles/LLVMAsmPrinter.dir/Win64Exception.cpp.o
[ 39%] Building CXX object lib/CodeGen/AsmPrinter/CMakeFiles/LLVMAsmPrinter.dir/WinCodeViewLineTables.cpp.o
Linking CXX static library ../../libLLVMAsmPrinter.a
[ 39%] Built target LLVMAsmPrinter
Scanning dependencies of target LLVMBitReader
[ 39%] Building CXX object lib/Bitcode/Reader/CMakeFiles/LLVMBitReader.dir/BitReader.cpp.o
[ 40%] Building CXX object lib/Bitcode/Reader/CMakeFiles/LLVMBitReader.dir/BitcodeReader.cpp.o
[ 40%] Building CXX object lib/Bitcode/Reader/CMakeFiles/LLVMBitReader.dir/BitstreamReader.cpp.o
Linking CXX static library ../../libLLVMBitReader.a
[ 40%] Built target LLVMBitReader
Scanning dependencies of target LLVMBitWriter
[ 40%] Building CXX object lib/Bitcode/Writer/CMakeFiles/LLVMBitWriter.dir/BitWriter.cpp.o
[ 40%] Building CXX object lib/Bitcode/Writer/CMakeFiles/LLVMBitWriter.dir/BitcodeWriter.cpp.o
[ 40%] Building CXX object lib/Bitcode/Writer/CMakeFiles/LLVMBitWriter.dir/BitcodeWriterPass.cpp.o
[ 40%] Building CXX object lib/Bitcode/Writer/CMakeFiles/LLVMBitWriter.dir/ValueEnumerator.cpp.o
Linking CXX static library ../../libLLVMBitWriter.a
[ 40%] Built target LLVMBitWriter
Scanning dependencies of target LLVMTransformUtils
[ 40%] Building CXX object lib/Transforms/Utils/CMakeFiles/LLVMTransformUtils.dir/ASanStackFrameLayout.cpp.o
[ 40%] Building CXX object lib/Transforms/Utils/CMakeFiles/LLVMTransformUtils.dir/AddDiscriminators.cpp.o
[ 40%] Building CXX object lib/Transforms/Utils/CMakeFiles/LLVMTransformUtils.dir/BasicBlockUtils.cpp.o
[ 40%] Building CXX object lib/Transforms/Utils/CMakeFiles/LLVMTransformUtils.dir/BreakCriticalEdges.cpp.o
[ 40%] Building CXX object lib/Transforms/Utils/CMakeFiles/LLVMTransformUtils.dir/BuildLibCalls.cpp.o
[ 40%] Building CXX object lib/Transforms/Utils/CMakeFiles/LLVMTransformUtils.dir/BypassSlowDivision.cpp.o
[ 40%] Building CXX object lib/Transforms/Utils/CMakeFiles/LLVMTransformUtils.dir/CloneFunction.cpp.o
[ 40%] Building CXX object lib/Transforms/Utils/CMakeFiles/LLVMTransformUtils.dir/CloneModule.cpp.o
[ 41%] Building CXX object lib/Transforms/Utils/CMakeFiles/LLVMTransformUtils.dir/CmpInstAnalysis.cpp.o
[ 41%] Building CXX object lib/Transforms/Utils/CMakeFiles/LLVMTransformUtils.dir/CodeExtractor.cpp.o
[ 41%] Building CXX object lib/Transforms/Utils/CMakeFiles/LLVMTransformUtils.dir/CtorUtils.cpp.o
[ 41%] Building CXX object lib/Transforms/Utils/CMakeFiles/LLVMTransformUtils.dir/DemoteRegToStack.cpp.o
[ 41%] Building CXX object lib/Transforms/Utils/CMakeFiles/LLVMTransformUtils.dir/FlattenCFG.cpp.o
[ 41%] Building CXX object lib/Transforms/Utils/CMakeFiles/LLVMTransformUtils.dir/GlobalStatus.cpp.o
[ 41%] Building CXX object lib/Transforms/Utils/CMakeFiles/LLVMTransformUtils.dir/InlineFunction.cpp.o
[ 41%] Building CXX object lib/Transforms/Utils/CMakeFiles/LLVMTransformUtils.dir/InstructionNamer.cpp.o
[ 41%] Building CXX object lib/Transforms/Utils/CMakeFiles/LLVMTransformUtils.dir/IntegerDivision.cpp.o
[ 41%] Building CXX object lib/Transforms/Utils/CMakeFiles/LLVMTransformUtils.dir/LCSSA.cpp.o
[ 43%] Building CXX object lib/Transforms/Utils/CMakeFiles/LLVMTransformUtils.dir/Local.cpp.o
[ 43%] Building CXX object lib/Transforms/Utils/CMakeFiles/LLVMTransformUtils.dir/LoopSimplify.cpp.o
[ 43%] Building CXX object lib/Transforms/Utils/CMakeFiles/LLVMTransformUtils.dir/LoopUnroll.cpp.o
[ 43%] Building CXX object lib/Transforms/Utils/CMakeFiles/LLVMTransformUtils.dir/LoopUnrollRuntime.cpp.o
[ 43%] Building CXX object lib/Transforms/Utils/CMakeFiles/LLVMTransformUtils.dir/LowerExpectIntrinsic.cpp.o
[ 43%] Building CXX object lib/Transforms/Utils/CMakeFiles/LLVMTransformUtils.dir/LowerInvoke.cpp.o
[ 43%] Building CXX object lib/Transforms/Utils/CMakeFiles/LLVMTransformUtils.dir/LowerSwitch.cpp.o
[ 43%] Building CXX object lib/Transforms/Utils/CMakeFiles/LLVMTransformUtils.dir/Mem2Reg.cpp.o
[ 43%] Building CXX object lib/Transforms/Utils/CMakeFiles/LLVMTransformUtils.dir/MetaRenamer.cpp.o
[ 43%] Building CXX object lib/Transforms/Utils/CMakeFiles/LLVMTransformUtils.dir/ModuleUtils.cpp.o
[ 44%] Building CXX object lib/Transforms/Utils/CMakeFiles/LLVMTransformUtils.dir/PromoteMemoryToRegister.cpp.o
[ 44%] Building CXX object lib/Transforms/Utils/CMakeFiles/LLVMTransformUtils.dir/SSAUpdater.cpp.o
[ 44%] Building CXX object lib/Transforms/Utils/CMakeFiles/LLVMTransformUtils.dir/SimplifyCFG.cpp.o
[ 44%] Building CXX object lib/Transforms/Utils/CMakeFiles/LLVMTransformUtils.dir/SimplifyIndVar.cpp.o
[ 44%] Building CXX object lib/Transforms/Utils/CMakeFiles/LLVMTransformUtils.dir/SimplifyInstructions.cpp.o
[ 44%] Building CXX object lib/Transforms/Utils/CMakeFiles/LLVMTransformUtils.dir/SimplifyLibCalls.cpp.o
[ 44%] Building CXX object lib/Transforms/Utils/CMakeFiles/LLVMTransformUtils.dir/SymbolRewriter.cpp.o
[ 44%] Building CXX object lib/Transforms/Utils/CMakeFiles/LLVMTransformUtils.dir/UnifyFunctionExitNodes.cpp.o
[ 44%] Building CXX object lib/Transforms/Utils/CMakeFiles/LLVMTransformUtils.dir/Utils.cpp.o
[ 44%] Building CXX object lib/Transforms/Utils/CMakeFiles/LLVMTransformUtils.dir/ValueMapper.cpp.o
Linking CXX static library ../../libLLVMTransformUtils.a
[ 44%] Built target LLVMTransformUtils
Scanning dependencies of target LLVMInstrumentation
[ 44%] Building CXX object lib/Transforms/Instrumentation/CMakeFiles/LLVMInstrumentation.dir/AddressSanitizer.cpp.o
[ 45%] Building CXX object lib/Transforms/Instrumentation/CMakeFiles/LLVMInstrumentation.dir/BoundsChecking.cpp.o
[ 45%] Building CXX object lib/Transforms/Instrumentation/CMakeFiles/LLVMInstrumentation.dir/DataFlowSanitizer.cpp.o
[ 45%] Building CXX object lib/Transforms/Instrumentation/CMakeFiles/LLVMInstrumentation.dir/GCOVProfiling.cpp.o
[ 45%] Building CXX object lib/Transforms/Instrumentation/CMakeFiles/LLVMInstrumentation.dir/MemorySanitizer.cpp.o
[ 45%] Building CXX object lib/Transforms/Instrumentation/CMakeFiles/LLVMInstrumentation.dir/Instrumentation.cpp.o
[ 45%] Building CXX object lib/Transforms/Instrumentation/CMakeFiles/LLVMInstrumentation.dir/InstrProfiling.cpp.o
[ 45%] Building CXX object lib/Transforms/Instrumentation/CMakeFiles/LLVMInstrumentation.dir/SanitizerCoverage.cpp.o
[ 45%] Building CXX object lib/Transforms/Instrumentation/CMakeFiles/LLVMInstrumentation.dir/ThreadSanitizer.cpp.o
Linking CXX static library ../../libLLVMInstrumentation.a
[ 45%] Built target LLVMInstrumentation
Scanning dependencies of target LLVMInstCombine
[ 45%] Building CXX object lib/Transforms/InstCombine/CMakeFiles/LLVMInstCombine.dir/InstructionCombining.cpp.o
[ 45%] Building CXX object lib/Transforms/InstCombine/CMakeFiles/LLVMInstCombine.dir/InstCombineAddSub.cpp.o
[ 45%] Building CXX object lib/Transforms/InstCombine/CMakeFiles/LLVMInstCombine.dir/InstCombineAndOrXor.cpp.o
[ 45%] Building CXX object lib/Transforms/InstCombine/CMakeFiles/LLVMInstCombine.dir/InstCombineCalls.cpp.o
[ 46%] Building CXX object lib/Transforms/InstCombine/CMakeFiles/LLVMInstCombine.dir/InstCombineCasts.cpp.o
[ 46%] Building CXX object lib/Transforms/InstCombine/CMakeFiles/LLVMInstCombine.dir/InstCombineCompares.cpp.o
[ 46%] Building CXX object lib/Transforms/InstCombine/CMakeFiles/LLVMInstCombine.dir/InstCombineLoadStoreAlloca.cpp.o
[ 46%] Building CXX object lib/Transforms/InstCombine/CMakeFiles/LLVMInstCombine.dir/InstCombineMulDivRem.cpp.o
[ 46%] Building CXX object lib/Transforms/InstCombine/CMakeFiles/LLVMInstCombine.dir/InstCombinePHI.cpp.o
[ 46%] Building CXX object lib/Transforms/InstCombine/CMakeFiles/LLVMInstCombine.dir/InstCombineSelect.cpp.o
[ 46%] Building CXX object lib/Transforms/InstCombine/CMakeFiles/LLVMInstCombine.dir/InstCombineShifts.cpp.o
[ 46%] Building CXX object lib/Transforms/InstCombine/CMakeFiles/LLVMInstCombine.dir/InstCombineSimplifyDemanded.cpp.o
[ 46%] Building CXX object lib/Transforms/InstCombine/CMakeFiles/LLVMInstCombine.dir/InstCombineVectorOps.cpp.o
Linking CXX static library ../../libLLVMInstCombine.a
[ 46%] Built target LLVMInstCombine
Scanning dependencies of target LLVMScalarOpts
[ 46%] Building CXX object lib/Transforms/Scalar/CMakeFiles/LLVMScalarOpts.dir/ADCE.cpp.o
[ 46%] Building CXX object lib/Transforms/Scalar/CMakeFiles/LLVMScalarOpts.dir/AlignmentFromAssumptions.cpp.o
[ 46%] Building CXX object lib/Transforms/Scalar/CMakeFiles/LLVMScalarOpts.dir/ConstantHoisting.cpp.o
[ 46%] Building CXX object lib/Transforms/Scalar/CMakeFiles/LLVMScalarOpts.dir/ConstantProp.cpp.o
[ 46%] Building CXX object lib/Transforms/Scalar/CMakeFiles/LLVMScalarOpts.dir/CorrelatedValuePropagation.cpp.o
[ 46%] Building CXX object lib/Transforms/Scalar/CMakeFiles/LLVMScalarOpts.dir/DCE.cpp.o
[ 46%] Building CXX object lib/Transforms/Scalar/CMakeFiles/LLVMScalarOpts.dir/DeadStoreElimination.cpp.o
[ 46%] Building CXX object lib/Transforms/Scalar/CMakeFiles/LLVMScalarOpts.dir/EarlyCSE.cpp.o
[ 47%] Building CXX object lib/Transforms/Scalar/CMakeFiles/LLVMScalarOpts.dir/FlattenCFGPass.cpp.o
[ 47%] Building CXX object lib/Transforms/Scalar/CMakeFiles/LLVMScalarOpts.dir/GVN.cpp.o
[ 47%] Building CXX object lib/Transforms/Scalar/CMakeFiles/LLVMScalarOpts.dir/IndVarSimplify.cpp.o
[ 47%] Building CXX object lib/Transforms/Scalar/CMakeFiles/LLVMScalarOpts.dir/JumpThreading.cpp.o
[ 47%] Building CXX object lib/Transforms/Scalar/CMakeFiles/LLVMScalarOpts.dir/LICM.cpp.o
[ 47%] Building CXX object lib/Transforms/Scalar/CMakeFiles/LLVMScalarOpts.dir/LoadCombine.cpp.o
[ 47%] Building CXX object lib/Transforms/Scalar/CMakeFiles/LLVMScalarOpts.dir/LoopDeletion.cpp.o
[ 47%] Building CXX object lib/Transforms/Scalar/CMakeFiles/LLVMScalarOpts.dir/LoopIdiomRecognize.cpp.o
[ 47%] Building CXX object lib/Transforms/Scalar/CMakeFiles/LLVMScalarOpts.dir/LoopInstSimplify.cpp.o
[ 47%] Building CXX object lib/Transforms/Scalar/CMakeFiles/LLVMScalarOpts.dir/LoopRerollPass.cpp.o
[ 48%] Building CXX object lib/Transforms/Scalar/CMakeFiles/LLVMScalarOpts.dir/LoopRotation.cpp.o
[ 48%] Building CXX object lib/Transforms/Scalar/CMakeFiles/LLVMScalarOpts.dir/LoopStrengthReduce.cpp.o
[ 48%] Building CXX object lib/Transforms/Scalar/CMakeFiles/LLVMScalarOpts.dir/LoopUnrollPass.cpp.o
[ 48%] Building CXX object lib/Transforms/Scalar/CMakeFiles/LLVMScalarOpts.dir/LoopUnswitch.cpp.o
[ 48%] Building CXX object lib/Transforms/Scalar/CMakeFiles/LLVMScalarOpts.dir/LowerAtomic.cpp.o
[ 48%] Building CXX object lib/Transforms/Scalar/CMakeFiles/LLVMScalarOpts.dir/MemCpyOptimizer.cpp.o
[ 48%] Building CXX object lib/Transforms/Scalar/CMakeFiles/LLVMScalarOpts.dir/MergedLoadStoreMotion.cpp.o
[ 48%] Building CXX object lib/Transforms/Scalar/CMakeFiles/LLVMScalarOpts.dir/PartiallyInlineLibCalls.cpp.o
[ 48%] Building CXX object lib/Transforms/Scalar/CMakeFiles/LLVMScalarOpts.dir/Reassociate.cpp.o
[ 48%] Building CXX object lib/Transforms/Scalar/CMakeFiles/LLVMScalarOpts.dir/Reg2Mem.cpp.o
[ 50%] Building CXX object lib/Transforms/Scalar/CMakeFiles/LLVMScalarOpts.dir/SCCP.cpp.o
[ 50%] Building CXX object lib/Transforms/Scalar/CMakeFiles/LLVMScalarOpts.dir/SROA.cpp.o
[ 50%] Building CXX object lib/Transforms/Scalar/CMakeFiles/LLVMScalarOpts.dir/SampleProfile.cpp.o
[ 50%] Building CXX object lib/Transforms/Scalar/CMakeFiles/LLVMScalarOpts.dir/Scalar.cpp.o
[ 50%] Building CXX object lib/Transforms/Scalar/CMakeFiles/LLVMScalarOpts.dir/ScalarReplAggregates.cpp.o
[ 50%] Building CXX object lib/Transforms/Scalar/CMakeFiles/LLVMScalarOpts.dir/Scalarizer.cpp.o
[ 50%] Building CXX object lib/Transforms/Scalar/CMakeFiles/LLVMScalarOpts.dir/SeparateConstOffsetFromGEP.cpp.o
[ 50%] Building CXX object lib/Transforms/Scalar/CMakeFiles/LLVMScalarOpts.dir/SimplifyCFGPass.cpp.o
[ 50%] Building CXX object lib/Transforms/Scalar/CMakeFiles/LLVMScalarOpts.dir/Sink.cpp.o
[ 50%] Building CXX object lib/Transforms/Scalar/CMakeFiles/LLVMScalarOpts.dir/StructurizeCFG.cpp.o
[ 51%] Building CXX object lib/Transforms/Scalar/CMakeFiles/LLVMScalarOpts.dir/TailRecursionElimination.cpp.o
Linking CXX static library ../../libLLVMScalarOpts.a
[ 51%] Built target LLVMScalarOpts
Scanning dependencies of target LLVMipo
[ 51%] Building CXX object lib/Transforms/IPO/CMakeFiles/LLVMipo.dir/ArgumentPromotion.cpp.o
[ 51%] Building CXX object lib/Transforms/IPO/CMakeFiles/LLVMipo.dir/BarrierNoopPass.cpp.o
[ 52%] Building CXX object lib/Transforms/IPO/CMakeFiles/LLVMipo.dir/ConstantMerge.cpp.o
[ 52%] Building CXX object lib/Transforms/IPO/CMakeFiles/LLVMipo.dir/DeadArgumentElimination.cpp.o
[ 52%] Building CXX object lib/Transforms/IPO/CMakeFiles/LLVMipo.dir/ExtractGV.cpp.o
[ 52%] Building CXX object lib/Transforms/IPO/CMakeFiles/LLVMipo.dir/FunctionAttrs.cpp.o
[ 52%] Building CXX object lib/Transforms/IPO/CMakeFiles/LLVMipo.dir/GlobalDCE.cpp.o
[ 52%] Building CXX object lib/Transforms/IPO/CMakeFiles/LLVMipo.dir/GlobalOpt.cpp.o
[ 52%] Building CXX object lib/Transforms/IPO/CMakeFiles/LLVMipo.dir/IPConstantPropagation.cpp.o
[ 52%] Building CXX object lib/Transforms/IPO/CMakeFiles/LLVMipo.dir/IPO.cpp.o
[ 52%] Building CXX object lib/Transforms/IPO/CMakeFiles/LLVMipo.dir/InlineAlways.cpp.o
[ 52%] Building CXX object lib/Transforms/IPO/CMakeFiles/LLVMipo.dir/InlineSimple.cpp.o
[ 53%] Building CXX object lib/Transforms/IPO/CMakeFiles/LLVMipo.dir/Inliner.cpp.o
[ 53%] Building CXX object lib/Transforms/IPO/CMakeFiles/LLVMipo.dir/Internalize.cpp.o
[ 53%] Building CXX object lib/Transforms/IPO/CMakeFiles/LLVMipo.dir/LoopExtractor.cpp.o
[ 53%] Building CXX object lib/Transforms/IPO/CMakeFiles/LLVMipo.dir/MergeFunctions.cpp.o
[ 53%] Building CXX object lib/Transforms/IPO/CMakeFiles/LLVMipo.dir/PartialInlining.cpp.o
[ 53%] Building CXX object lib/Transforms/IPO/CMakeFiles/LLVMipo.dir/PassManagerBuilder.cpp.o
[ 53%] Building CXX object lib/Transforms/IPO/CMakeFiles/LLVMipo.dir/PruneEH.cpp.o
[ 53%] Building CXX object lib/Transforms/IPO/CMakeFiles/LLVMipo.dir/StripDeadPrototypes.cpp.o
[ 53%] Building CXX object lib/Transforms/IPO/CMakeFiles/LLVMipo.dir/StripSymbols.cpp.o
Linking CXX static library ../../libLLVMipo.a
[ 53%] Built target LLVMipo
Scanning dependencies of target LLVMVectorize
[ 54%] Building CXX object lib/Transforms/Vectorize/CMakeFiles/LLVMVectorize.dir/BBVectorize.cpp.o
[ 54%] Building CXX object lib/Transforms/Vectorize/CMakeFiles/LLVMVectorize.dir/Vectorize.cpp.o
[ 54%] Building CXX object lib/Transforms/Vectorize/CMakeFiles/LLVMVectorize.dir/LoopVectorize.cpp.o
[ 54%] Building CXX object lib/Transforms/Vectorize/CMakeFiles/LLVMVectorize.dir/SLPVectorizer.cpp.o
Linking CXX static library ../../libLLVMVectorize.a
[ 54%] Built target LLVMVectorize
Scanning dependencies of target LLVMHello
[ 54%] Building CXX object lib/Transforms/Hello/CMakeFiles/LLVMHello.dir/Hello.cpp.o
Linking CXX shared module ../../LLVMHello.so
[ 54%] Built target LLVMHello
Scanning dependencies of target LLVMObjCARCOpts
[ 54%] Building CXX object lib/Transforms/ObjCARC/CMakeFiles/LLVMObjCARCOpts.dir/ObjCARC.cpp.o
[ 54%] Building CXX object lib/Transforms/ObjCARC/CMakeFiles/LLVMObjCARCOpts.dir/ObjCARCOpts.cpp.o
[ 55%] Building CXX object lib/Transforms/ObjCARC/CMakeFiles/LLVMObjCARCOpts.dir/ObjCARCExpand.cpp.o
[ 55%] Building CXX object lib/Transforms/ObjCARC/CMakeFiles/LLVMObjCARCOpts.dir/ObjCARCAPElim.cpp.o
[ 55%] Building CXX object lib/Transforms/ObjCARC/CMakeFiles/LLVMObjCARCOpts.dir/ObjCARCAliasAnalysis.cpp.o
[ 55%] Building CXX object lib/Transforms/ObjCARC/CMakeFiles/LLVMObjCARCOpts.dir/ObjCARCUtil.cpp.o
[ 55%] Building CXX object lib/Transforms/ObjCARC/CMakeFiles/LLVMObjCARCOpts.dir/ObjCARCContract.cpp.o
[ 55%] Building CXX object lib/Transforms/ObjCARC/CMakeFiles/LLVMObjCARCOpts.dir/DependencyAnalysis.cpp.o
[ 55%] Building CXX object lib/Transforms/ObjCARC/CMakeFiles/LLVMObjCARCOpts.dir/ProvenanceAnalysis.cpp.o
[ 55%] Building CXX object lib/Transforms/ObjCARC/CMakeFiles/LLVMObjCARCOpts.dir/ProvenanceAnalysisEvaluator.cpp.o
Linking CXX static library ../../libLLVMObjCARCOpts.a
[ 55%] Built target LLVMObjCARCOpts
Scanning dependencies of target LLVMLinker
[ 55%] Building CXX object lib/Linker/CMakeFiles/LLVMLinker.dir/LinkModules.cpp.o
Linking CXX static library ../libLLVMLinker.a
[ 55%] Built target LLVMLinker
Scanning dependencies of target LLVMAnalysis
[ 55%] Building CXX object lib/Analysis/CMakeFiles/LLVMAnalysis.dir/AliasAnalysis.cpp.o
[ 55%] Building CXX object lib/Analysis/CMakeFiles/LLVMAnalysis.dir/AliasAnalysisCounter.cpp.o
[ 55%] Building CXX object lib/Analysis/CMakeFiles/LLVMAnalysis.dir/AliasAnalysisEvaluator.cpp.o
[ 55%] Building CXX object lib/Analysis/CMakeFiles/LLVMAnalysis.dir/AliasDebugger.cpp.o
[ 55%] Building CXX object lib/Analysis/CMakeFiles/LLVMAnalysis.dir/AliasSetTracker.cpp.o
[ 56%] Building CXX object lib/Analysis/CMakeFiles/LLVMAnalysis.dir/Analysis.cpp.o
[ 56%] Building CXX object lib/Analysis/CMakeFiles/LLVMAnalysis.dir/AssumptionCache.cpp.o
[ 56%] Building CXX object lib/Analysis/CMakeFiles/LLVMAnalysis.dir/BasicAliasAnalysis.cpp.o
[ 56%] Building CXX object lib/Analysis/CMakeFiles/LLVMAnalysis.dir/BlockFrequencyInfo.cpp.o
[ 56%] Building CXX object lib/Analysis/CMakeFiles/LLVMAnalysis.dir/BlockFrequencyInfoImpl.cpp.o
[ 56%] Building CXX object lib/Analysis/CMakeFiles/LLVMAnalysis.dir/BranchProbabilityInfo.cpp.o
[ 56%] Building CXX object lib/Analysis/CMakeFiles/LLVMAnalysis.dir/CFG.cpp.o
[ 56%] Building CXX object lib/Analysis/CMakeFiles/LLVMAnalysis.dir/CFGPrinter.cpp.o
[ 56%] Building CXX object lib/Analysis/CMakeFiles/LLVMAnalysis.dir/CFLAliasAnalysis.cpp.o
[ 56%] Building CXX object lib/Analysis/CMakeFiles/LLVMAnalysis.dir/CGSCCPassManager.cpp.o
[ 58%] Building CXX object lib/Analysis/CMakeFiles/LLVMAnalysis.dir/CaptureTracking.cpp.o
[ 58%] Building CXX object lib/Analysis/CMakeFiles/LLVMAnalysis.dir/CostModel.cpp.o
[ 58%] Building CXX object lib/Analysis/CMakeFiles/LLVMAnalysis.dir/CodeMetrics.cpp.o
[ 58%] Building CXX object lib/Analysis/CMakeFiles/LLVMAnalysis.dir/ConstantFolding.cpp.o
[ 58%] Building CXX object lib/Analysis/CMakeFiles/LLVMAnalysis.dir/Delinearization.cpp.o
[ 58%] Building CXX object lib/Analysis/CMakeFiles/LLVMAnalysis.dir/DependenceAnalysis.cpp.o
[ 58%] Building CXX object lib/Analysis/CMakeFiles/LLVMAnalysis.dir/DomPrinter.cpp.o
[ 58%] Building CXX object lib/Analysis/CMakeFiles/LLVMAnalysis.dir/DominanceFrontier.cpp.o
[ 58%] Building CXX object lib/Analysis/CMakeFiles/LLVMAnalysis.dir/FunctionTargetTransformInfo.cpp.o
[ 58%] Building CXX object lib/Analysis/CMakeFiles/LLVMAnalysis.dir/IVUsers.cpp.o
[ 59%] Building CXX object lib/Analysis/CMakeFiles/LLVMAnalysis.dir/InstCount.cpp.o
[ 59%] Building CXX object lib/Analysis/CMakeFiles/LLVMAnalysis.dir/InstructionSimplify.cpp.o
[ 59%] Building CXX object lib/Analysis/CMakeFiles/LLVMAnalysis.dir/Interval.cpp.o
[ 59%] Building CXX object lib/Analysis/CMakeFiles/LLVMAnalysis.dir/IntervalPartition.cpp.o
[ 59%] Building CXX object lib/Analysis/CMakeFiles/LLVMAnalysis.dir/JumpInstrTableInfo.cpp.o
[ 59%] Building CXX object lib/Analysis/CMakeFiles/LLVMAnalysis.dir/LazyCallGraph.cpp.o
[ 59%] Building CXX object lib/Analysis/CMakeFiles/LLVMAnalysis.dir/LazyValueInfo.cpp.o
[ 59%] Building CXX object lib/Analysis/CMakeFiles/LLVMAnalysis.dir/LibCallAliasAnalysis.cpp.o
[ 59%] Building CXX object lib/Analysis/CMakeFiles/LLVMAnalysis.dir/LibCallSemantics.cpp.o
[ 59%] Building CXX object lib/Analysis/CMakeFiles/LLVMAnalysis.dir/Lint.cpp.o
[ 60%] Building CXX object lib/Analysis/CMakeFiles/LLVMAnalysis.dir/Loads.cpp.o
[ 60%] Building CXX object lib/Analysis/CMakeFiles/LLVMAnalysis.dir/LoopInfo.cpp.o
[ 60%] Building CXX object lib/Analysis/CMakeFiles/LLVMAnalysis.dir/LoopPass.cpp.o
[ 60%] Building CXX object lib/Analysis/CMakeFiles/LLVMAnalysis.dir/MemDepPrinter.cpp.o
[ 60%] Building CXX object lib/Analysis/CMakeFiles/LLVMAnalysis.dir/MemoryBuiltins.cpp.o
[ 60%] Building CXX object lib/Analysis/CMakeFiles/LLVMAnalysis.dir/MemoryDependenceAnalysis.cpp.o
[ 60%] Building CXX object lib/Analysis/CMakeFiles/LLVMAnalysis.dir/ModuleDebugInfoPrinter.cpp.o
[ 60%] Building CXX object lib/Analysis/CMakeFiles/LLVMAnalysis.dir/NoAliasAnalysis.cpp.o
[ 60%] Building CXX object lib/Analysis/CMakeFiles/LLVMAnalysis.dir/PHITransAddr.cpp.o
[ 60%] Building CXX object lib/Analysis/CMakeFiles/LLVMAnalysis.dir/PostDominators.cpp.o
[ 61%] Building CXX object lib/Analysis/CMakeFiles/LLVMAnalysis.dir/PtrUseVisitor.cpp.o
[ 61%] Building CXX object lib/Analysis/CMakeFiles/LLVMAnalysis.dir/RegionInfo.cpp.o
[ 61%] Building CXX object lib/Analysis/CMakeFiles/LLVMAnalysis.dir/RegionPass.cpp.o
[ 61%] Building CXX object lib/Analysis/CMakeFiles/LLVMAnalysis.dir/RegionPrinter.cpp.o
[ 61%] Building CXX object lib/Analysis/CMakeFiles/LLVMAnalysis.dir/ScalarEvolution.cpp.o
[ 61%] Building CXX object lib/Analysis/CMakeFiles/LLVMAnalysis.dir/ScalarEvolutionAliasAnalysis.cpp.o
[ 61%] Building CXX object lib/Analysis/CMakeFiles/LLVMAnalysis.dir/ScalarEvolutionExpander.cpp.o
[ 61%] Building CXX object lib/Analysis/CMakeFiles/LLVMAnalysis.dir/ScalarEvolutionNormalization.cpp.o
[ 61%] Building CXX object lib/Analysis/CMakeFiles/LLVMAnalysis.dir/SparsePropagation.cpp.o
[ 61%] Building CXX object lib/Analysis/CMakeFiles/LLVMAnalysis.dir/TargetTransformInfo.cpp.o
[ 62%] Building CXX object lib/Analysis/CMakeFiles/LLVMAnalysis.dir/Trace.cpp.o
[ 62%] Building CXX object lib/Analysis/CMakeFiles/LLVMAnalysis.dir/TypeBasedAliasAnalysis.cpp.o
[ 62%] Building CXX object lib/Analysis/CMakeFiles/LLVMAnalysis.dir/ScopedNoAliasAA.cpp.o
[ 62%] Building CXX object lib/Analysis/CMakeFiles/LLVMAnalysis.dir/ValueTracking.cpp.o
Linking CXX static library ../libLLVMAnalysis.a
[ 62%] Built target LLVMAnalysis
Scanning dependencies of target LLVMipa
[ 62%] Building CXX object lib/Analysis/IPA/CMakeFiles/LLVMipa.dir/CallGraph.cpp.o
[ 62%] Building CXX object lib/Analysis/IPA/CMakeFiles/LLVMipa.dir/CallGraphSCCPass.cpp.o
[ 62%] Building CXX object lib/Analysis/IPA/CMakeFiles/LLVMipa.dir/CallPrinter.cpp.o
[ 62%] Building CXX object lib/Analysis/IPA/CMakeFiles/LLVMipa.dir/GlobalsModRef.cpp.o
[ 62%] Building CXX object lib/Analysis/IPA/CMakeFiles/LLVMipa.dir/IPA.cpp.o
[ 62%] Building CXX object lib/Analysis/IPA/CMakeFiles/LLVMipa.dir/InlineCost.cpp.o
Linking CXX static library ../../libLLVMipa.a
[ 62%] Built target LLVMipa
Scanning dependencies of target LLVMLTO
[ 62%] Building CXX object lib/LTO/CMakeFiles/LLVMLTO.dir/LTOModule.cpp.o
[ 62%] Building CXX object lib/LTO/CMakeFiles/LLVMLTO.dir/LTOCodeGenerator.cpp.o
Linking CXX static library ../libLLVMLTO.a
[ 62%] Built target LLVMLTO
Scanning dependencies of target LLVMMC
[ 62%] Building CXX object lib/MC/CMakeFiles/LLVMMC.dir/ConstantPools.cpp.o
[ 62%] Building CXX object lib/MC/CMakeFiles/LLVMMC.dir/ELFObjectWriter.cpp.o
[ 62%] Building CXX object lib/MC/CMakeFiles/LLVMMC.dir/MCAsmBackend.cpp.o
[ 62%] Building CXX object lib/MC/CMakeFiles/LLVMMC.dir/MCAsmInfo.cpp.o
[ 62%] Building CXX object lib/MC/CMakeFiles/LLVMMC.dir/MCAsmInfoCOFF.cpp.o
[ 63%] Building CXX object lib/MC/CMakeFiles/LLVMMC.dir/MCAsmInfoDarwin.cpp.o
[ 63%] Building CXX object lib/MC/CMakeFiles/LLVMMC.dir/MCAsmInfoELF.cpp.o
[ 63%] Building CXX object lib/MC/CMakeFiles/LLVMMC.dir/MCAsmStreamer.cpp.o
[ 63%] Building CXX object lib/MC/CMakeFiles/LLVMMC.dir/MCAssembler.cpp.o
[ 63%] Building CXX object lib/MC/CMakeFiles/LLVMMC.dir/MCCodeEmitter.cpp.o
[ 63%] Building CXX object lib/MC/CMakeFiles/LLVMMC.dir/MCCodeGenInfo.cpp.o
[ 63%] Building CXX object lib/MC/CMakeFiles/LLVMMC.dir/MCContext.cpp.o
[ 63%] Building CXX object lib/MC/CMakeFiles/LLVMMC.dir/MCDwarf.cpp.o
[ 63%] Building CXX object lib/MC/CMakeFiles/LLVMMC.dir/MCELF.cpp.o
[ 63%] Building CXX object lib/MC/CMakeFiles/LLVMMC.dir/MCELFObjectTargetWriter.cpp.o
[ 65%] Building CXX object lib/MC/CMakeFiles/LLVMMC.dir/MCELFStreamer.cpp.o
[ 65%] Building CXX object lib/MC/CMakeFiles/LLVMMC.dir/MCExpr.cpp.o
[ 65%] Building CXX object lib/MC/CMakeFiles/LLVMMC.dir/MCInst.cpp.o
[ 65%] Building CXX object lib/MC/CMakeFiles/LLVMMC.dir/MCInstPrinter.cpp.o
[ 65%] Building CXX object lib/MC/CMakeFiles/LLVMMC.dir/MCInstrAnalysis.cpp.o
[ 65%] Building CXX object lib/MC/CMakeFiles/LLVMMC.dir/MCLabel.cpp.o
[ 65%] Building CXX object lib/MC/CMakeFiles/LLVMMC.dir/MCLinkerOptimizationHint.cpp.o
[ 65%] Building CXX object lib/MC/CMakeFiles/LLVMMC.dir/MCMachOStreamer.cpp.o
[ 65%] Building CXX object lib/MC/CMakeFiles/LLVMMC.dir/MCMachObjectTargetWriter.cpp.o
[ 65%] Building CXX object lib/MC/CMakeFiles/LLVMMC.dir/MCNullStreamer.cpp.o
[ 66%] Building CXX object lib/MC/CMakeFiles/LLVMMC.dir/MCObjectFileInfo.cpp.o
[ 66%] Building CXX object lib/MC/CMakeFiles/LLVMMC.dir/MCObjectStreamer.cpp.o
[ 66%] Building CXX object lib/MC/CMakeFiles/LLVMMC.dir/MCObjectWriter.cpp.o
[ 66%] Building CXX object lib/MC/CMakeFiles/LLVMMC.dir/MCRegisterInfo.cpp.o
[ 66%] Building CXX object lib/MC/CMakeFiles/LLVMMC.dir/MCSection.cpp.o
[ 66%] Building CXX object lib/MC/CMakeFiles/LLVMMC.dir/MCSectionCOFF.cpp.o
[ 66%] Building CXX object lib/MC/CMakeFiles/LLVMMC.dir/MCSectionELF.cpp.o
[ 66%] Building CXX object lib/MC/CMakeFiles/LLVMMC.dir/MCSectionMachO.cpp.o
[ 66%] Building CXX object lib/MC/CMakeFiles/LLVMMC.dir/MCStreamer.cpp.o
[ 67%] Building CXX object lib/MC/CMakeFiles/LLVMMC.dir/MCSubtargetInfo.cpp.o
[ 67%] Building CXX object lib/MC/CMakeFiles/LLVMMC.dir/MCSymbol.cpp.o
[ 67%] Building CXX object lib/MC/CMakeFiles/LLVMMC.dir/MCSymbolizer.cpp.o
[ 67%] Building CXX object lib/MC/CMakeFiles/LLVMMC.dir/MCTargetOptions.cpp.o
[ 67%] Building CXX object lib/MC/CMakeFiles/LLVMMC.dir/MCValue.cpp.o
[ 67%] Building CXX object lib/MC/CMakeFiles/LLVMMC.dir/MCWin64EH.cpp.o
[ 67%] Building CXX object lib/MC/CMakeFiles/LLVMMC.dir/MCWinEH.cpp.o
[ 67%] Building CXX object lib/MC/CMakeFiles/LLVMMC.dir/MachObjectWriter.cpp.o
[ 67%] Building CXX object lib/MC/CMakeFiles/LLVMMC.dir/StringTableBuilder.cpp.o
[ 67%] Building CXX object lib/MC/CMakeFiles/LLVMMC.dir/SubtargetFeature.cpp.o
[ 68%] Building CXX object lib/MC/CMakeFiles/LLVMMC.dir/WinCOFFObjectWriter.cpp.o
[ 68%] Building CXX object lib/MC/CMakeFiles/LLVMMC.dir/WinCOFFStreamer.cpp.o
[ 68%] Building CXX object lib/MC/CMakeFiles/LLVMMC.dir/YAML.cpp.o
Linking CXX static library ../libLLVMMC.a
[ 68%] Built target LLVMMC
Scanning dependencies of target LLVMMCParser
[ 68%] Building CXX object lib/MC/MCParser/CMakeFiles/LLVMMCParser.dir/AsmLexer.cpp.o
[ 69%] Building CXX object lib/MC/MCParser/CMakeFiles/LLVMMCParser.dir/AsmParser.cpp.o
[ 69%] Building CXX object lib/MC/MCParser/CMakeFiles/LLVMMCParser.dir/COFFAsmParser.cpp.o
[ 69%] Building CXX object lib/MC/MCParser/CMakeFiles/LLVMMCParser.dir/DarwinAsmParser.cpp.o
[ 69%] Building CXX object lib/MC/MCParser/CMakeFiles/LLVMMCParser.dir/ELFAsmParser.cpp.o
[ 69%] Building CXX object lib/MC/MCParser/CMakeFiles/LLVMMCParser.dir/MCAsmLexer.cpp.o
[ 69%] Building CXX object lib/MC/MCParser/CMakeFiles/LLVMMCParser.dir/MCAsmParser.cpp.o
[ 69%] Building CXX object lib/MC/MCParser/CMakeFiles/LLVMMCParser.dir/MCAsmParserExtension.cpp.o
[ 69%] Building CXX object lib/MC/MCParser/CMakeFiles/LLVMMCParser.dir/MCTargetAsmParser.cpp.o
Linking CXX static library ../../libLLVMMCParser.a
[ 69%] Built target LLVMMCParser
Scanning dependencies of target LLVMMCDisassembler
[ 69%] Building CXX object lib/MC/MCDisassembler/CMakeFiles/LLVMMCDisassembler.dir/Disassembler.cpp.o
[ 69%] Building CXX object lib/MC/MCDisassembler/CMakeFiles/LLVMMCDisassembler.dir/MCRelocationInfo.cpp.o
[ 69%] Building CXX object lib/MC/MCDisassembler/CMakeFiles/LLVMMCDisassembler.dir/MCExternalSymbolizer.cpp.o
[ 69%] Building CXX object lib/MC/MCDisassembler/CMakeFiles/LLVMMCDisassembler.dir/MCDisassembler.cpp.o
Linking CXX static library ../../libLLVMMCDisassembler.a
[ 69%] Built target LLVMMCDisassembler
Scanning dependencies of target LLVMObject
[ 69%] Building CXX object lib/Object/CMakeFiles/LLVMObject.dir/Archive.cpp.o
[ 69%] Building CXX object lib/Object/CMakeFiles/LLVMObject.dir/Binary.cpp.o
[ 70%] Building CXX object lib/Object/CMakeFiles/LLVMObject.dir/COFFObjectFile.cpp.o
[ 70%] Building CXX object lib/Object/CMakeFiles/LLVMObject.dir/COFFYAML.cpp.o
[ 70%] Building CXX object lib/Object/CMakeFiles/LLVMObject.dir/ELF.cpp.o
[ 70%] Building CXX object lib/Object/CMakeFiles/LLVMObject.dir/ELFObjectFile.cpp.o
[ 70%] Building CXX object lib/Object/CMakeFiles/LLVMObject.dir/ELFYAML.cpp.o
[ 70%] Building CXX object lib/Object/CMakeFiles/LLVMObject.dir/Error.cpp.o
[ 70%] Building CXX object lib/Object/CMakeFiles/LLVMObject.dir/IRObjectFile.cpp.o
[ 70%] Building CXX object lib/Object/CMakeFiles/LLVMObject.dir/MachOObjectFile.cpp.o
[ 70%] Building CXX object lib/Object/CMakeFiles/LLVMObject.dir/MachOUniversal.cpp.o
[ 70%] Building CXX object lib/Object/CMakeFiles/LLVMObject.dir/Object.cpp.o
[ 72%] Building CXX object lib/Object/CMakeFiles/LLVMObject.dir/ObjectFile.cpp.o
[ 72%] Building CXX object lib/Object/CMakeFiles/LLVMObject.dir/RecordStreamer.cpp.o
[ 72%] Building CXX object lib/Object/CMakeFiles/LLVMObject.dir/SymbolicFile.cpp.o
Linking CXX static library ../libLLVMObject.a
[ 72%] Built target LLVMObject
Scanning dependencies of target LLVMOption
[ 72%] Building CXX object lib/Option/CMakeFiles/LLVMOption.dir/Arg.cpp.o
[ 72%] Building CXX object lib/Option/CMakeFiles/LLVMOption.dir/ArgList.cpp.o
[ 72%] Building CXX object lib/Option/CMakeFiles/LLVMOption.dir/Option.cpp.o
[ 72%] Building CXX object lib/Option/CMakeFiles/LLVMOption.dir/OptTable.cpp.o
Linking CXX static library ../libLLVMOption.a
[ 72%] Built target LLVMOption
Scanning dependencies of target LLVMDebugInfo
[ 72%] Building CXX object lib/DebugInfo/CMakeFiles/LLVMDebugInfo.dir/DIContext.cpp.o
[ 72%] Building CXX object lib/DebugInfo/CMakeFiles/LLVMDebugInfo.dir/DWARFAbbreviationDeclaration.cpp.o
[ 72%] Building CXX object lib/DebugInfo/CMakeFiles/LLVMDebugInfo.dir/DWARFAcceleratorTable.cpp.o
[ 72%] Building CXX object lib/DebugInfo/CMakeFiles/LLVMDebugInfo.dir/DWARFCompileUnit.cpp.o
[ 72%] Building CXX object lib/DebugInfo/CMakeFiles/LLVMDebugInfo.dir/DWARFContext.cpp.o
[ 72%] Building CXX object lib/DebugInfo/CMakeFiles/LLVMDebugInfo.dir/DWARFDebugAbbrev.cpp.o
[ 72%] Building CXX object lib/DebugInfo/CMakeFiles/LLVMDebugInfo.dir/DWARFDebugArangeSet.cpp.o
[ 72%] Building CXX object lib/DebugInfo/CMakeFiles/LLVMDebugInfo.dir/DWARFDebugAranges.cpp.o
[ 73%] Building CXX object lib/DebugInfo/CMakeFiles/LLVMDebugInfo.dir/DWARFDebugFrame.cpp.o
[ 73%] Building CXX object lib/DebugInfo/CMakeFiles/LLVMDebugInfo.dir/DWARFDebugInfoEntry.cpp.o
[ 73%] Building CXX object lib/DebugInfo/CMakeFiles/LLVMDebugInfo.dir/DWARFDebugLine.cpp.o
[ 73%] Building CXX object lib/DebugInfo/CMakeFiles/LLVMDebugInfo.dir/DWARFDebugLoc.cpp.o
[ 73%] Building CXX object lib/DebugInfo/CMakeFiles/LLVMDebugInfo.dir/DWARFDebugRangeList.cpp.o
[ 73%] Building CXX object lib/DebugInfo/CMakeFiles/LLVMDebugInfo.dir/DWARFFormValue.cpp.o
[ 73%] Building CXX object lib/DebugInfo/CMakeFiles/LLVMDebugInfo.dir/DWARFTypeUnit.cpp.o
[ 73%] Building CXX object lib/DebugInfo/CMakeFiles/LLVMDebugInfo.dir/DWARFUnit.cpp.o
[ 73%] Building CXX object lib/DebugInfo/CMakeFiles/LLVMDebugInfo.dir/SyntaxHighlighting.cpp.o
Linking CXX static library ../libLLVMDebugInfo.a
[ 73%] Built target LLVMDebugInfo
Scanning dependencies of target LLVMExecutionEngine
[ 74%] Building CXX object lib/ExecutionEngine/CMakeFiles/LLVMExecutionEngine.dir/ExecutionEngine.cpp.o
[ 74%] Building CXX object lib/ExecutionEngine/CMakeFiles/LLVMExecutionEngine.dir/ExecutionEngineBindings.cpp.o
[ 74%] Building CXX object lib/ExecutionEngine/CMakeFiles/LLVMExecutionEngine.dir/GDBRegistrationListener.cpp.o
[ 74%] Building CXX object lib/ExecutionEngine/CMakeFiles/LLVMExecutionEngine.dir/TargetSelect.cpp.o
Linking CXX static library ../libLLVMExecutionEngine.a
[ 74%] Built target LLVMExecutionEngine
Scanning dependencies of target LLVMInterpreter
[ 74%] Building CXX object lib/ExecutionEngine/Interpreter/CMakeFiles/LLVMInterpreter.dir/Execution.cpp.o
[ 74%] Building CXX object lib/ExecutionEngine/Interpreter/CMakeFiles/LLVMInterpreter.dir/ExternalFunctions.cpp.o
[ 75%] Building CXX object lib/ExecutionEngine/Interpreter/CMakeFiles/LLVMInterpreter.dir/Interpreter.cpp.o
Linking CXX static library ../../libLLVMInterpreter.a
[ 75%] Built target LLVMInterpreter
Scanning dependencies of target LLVMMCJIT
[ 75%] Building CXX object lib/ExecutionEngine/MCJIT/CMakeFiles/LLVMMCJIT.dir/MCJIT.cpp.o
[ 75%] Building CXX object lib/ExecutionEngine/MCJIT/CMakeFiles/LLVMMCJIT.dir/SectionMemoryManager.cpp.o
Linking CXX static library ../../libLLVMMCJIT.a
[ 75%] Built target LLVMMCJIT
Scanning dependencies of target LLVMRuntimeDyld
[ 75%] Building CXX object lib/ExecutionEngine/RuntimeDyld/CMakeFiles/LLVMRuntimeDyld.dir/RTDyldMemoryManager.cpp.o
[ 75%] Building CXX object lib/ExecutionEngine/RuntimeDyld/CMakeFiles/LLVMRuntimeDyld.dir/RuntimeDyld.cpp.o
[ 75%] Building CXX object lib/ExecutionEngine/RuntimeDyld/CMakeFiles/LLVMRuntimeDyld.dir/RuntimeDyldChecker.cpp.o
[ 76%] Building CXX object lib/ExecutionEngine/RuntimeDyld/CMakeFiles/LLVMRuntimeDyld.dir/RuntimeDyldELF.cpp.o
[ 76%] Building CXX object lib/ExecutionEngine/RuntimeDyld/CMakeFiles/LLVMRuntimeDyld.dir/RuntimeDyldMachO.cpp.o
Linking CXX static library ../../libLLVMRuntimeDyld.a
[ 76%] Built target LLVMRuntimeDyld
Scanning dependencies of target LLVMTarget
[ 76%] Building CXX object lib/Target/CMakeFiles/LLVMTarget.dir/Target.cpp.o
[ 76%] Building CXX object lib/Target/CMakeFiles/LLVMTarget.dir/TargetIntrinsicInfo.cpp.o
[ 76%] Building CXX object lib/Target/CMakeFiles/LLVMTarget.dir/TargetLibraryInfo.cpp.o
[ 76%] Building CXX object lib/Target/CMakeFiles/LLVMTarget.dir/TargetLoweringObjectFile.cpp.o
[ 76%] Building CXX object lib/Target/CMakeFiles/LLVMTarget.dir/TargetMachine.cpp.o
[ 77%] Building CXX object lib/Target/CMakeFiles/LLVMTarget.dir/TargetMachineC.cpp.o
[ 77%] Building CXX object lib/Target/CMakeFiles/LLVMTarget.dir/TargetSubtargetInfo.cpp.o
Linking CXX static library ../libLLVMTarget.a
[ 77%] Built target LLVMTarget
Scanning dependencies of target X86CommonTableGen
[ 77%] Building X86GenRegisterInfo.inc...
[ 77%] Updating X86GenRegisterInfo.inc...
[ 77%] Building X86GenDisassemblerTables.inc...
[ 77%] Updating X86GenDisassemblerTables.inc...
[ 77%] Building X86GenInstrInfo.inc...
[ 77%] Updating X86GenInstrInfo.inc...
[ 77%] Building X86GenAsmWriter.inc...
[ 77%] Updating X86GenAsmWriter.inc...
[ 77%] Building X86GenAsmWriter1.inc...
[ 77%] Updating X86GenAsmWriter1.inc...
[ 77%] Building X86GenAsmMatcher.inc...
[ 77%] Updating X86GenAsmMatcher.inc...
[ 77%] Building X86GenDAGISel.inc...
[ 77%] Updating X86GenDAGISel.inc...
[ 77%] Building X86GenFastISel.inc...
[ 77%] Updating X86GenFastISel.inc...
[ 79%] Building X86GenCallingConv.inc...
[ 79%] Updating X86GenCallingConv.inc...
[ 79%] Building X86GenSubtargetInfo.inc...
[ 80%] Updating X86GenSubtargetInfo.inc...
[ 80%] Built target X86CommonTableGen
Scanning dependencies of target LLVMX86CodeGen
[ 81%] Building CXX object lib/Target/X86/CMakeFiles/LLVMX86CodeGen.dir/X86AsmPrinter.cpp.o
[ 81%] Building CXX object lib/Target/X86/CMakeFiles/LLVMX86CodeGen.dir/X86FastISel.cpp.o
[ 81%] Building CXX object lib/Target/X86/CMakeFiles/LLVMX86CodeGen.dir/X86FloatingPoint.cpp.o
[ 81%] Building CXX object lib/Target/X86/CMakeFiles/LLVMX86CodeGen.dir/X86FrameLowering.cpp.o
[ 81%] Building CXX object lib/Target/X86/CMakeFiles/LLVMX86CodeGen.dir/X86ISelDAGToDAG.cpp.o
[ 81%] Building CXX object lib/Target/X86/CMakeFiles/LLVMX86CodeGen.dir/X86ISelLowering.cpp.o
[ 81%] Building CXX object lib/Target/X86/CMakeFiles/LLVMX86CodeGen.dir/X86InstrInfo.cpp.o
[ 81%] Building CXX object lib/Target/X86/CMakeFiles/LLVMX86CodeGen.dir/X86MCInstLower.cpp.o
[ 81%] Building CXX object lib/Target/X86/CMakeFiles/LLVMX86CodeGen.dir/X86MachineFunctionInfo.cpp.o
[ 81%] Building CXX object lib/Target/X86/CMakeFiles/LLVMX86CodeGen.dir/X86PadShortFunction.cpp.o
[ 82%] Building CXX object lib/Target/X86/CMakeFiles/LLVMX86CodeGen.dir/X86RegisterInfo.cpp.o
[ 82%] Building CXX object lib/Target/X86/CMakeFiles/LLVMX86CodeGen.dir/X86SelectionDAGInfo.cpp.o
[ 82%] Building CXX object lib/Target/X86/CMakeFiles/LLVMX86CodeGen.dir/X86Subtarget.cpp.o
[ 82%] Building CXX object lib/Target/X86/CMakeFiles/LLVMX86CodeGen.dir/X86TargetMachine.cpp.o
[ 82%] Building CXX object lib/Target/X86/CMakeFiles/LLVMX86CodeGen.dir/X86TargetObjectFile.cpp.o
[ 82%] Building CXX object lib/Target/X86/CMakeFiles/LLVMX86CodeGen.dir/X86TargetTransformInfo.cpp.o
[ 82%] Building CXX object lib/Target/X86/CMakeFiles/LLVMX86CodeGen.dir/X86VZeroUpper.cpp.o
[ 82%] Building CXX object lib/Target/X86/CMakeFiles/LLVMX86CodeGen.dir/X86FixupLEAs.cpp.o
Linking CXX static library ../../libLLVMX86CodeGen.a
[ 82%] Built target LLVMX86CodeGen
Scanning dependencies of target LLVMX86AsmParser
[ 82%] Building CXX object lib/Target/X86/AsmParser/CMakeFiles/LLVMX86AsmParser.dir/X86AsmInstrumentation.cpp.o
[ 82%] Building CXX object lib/Target/X86/AsmParser/CMakeFiles/LLVMX86AsmParser.dir/X86AsmParser.cpp.o
Linking CXX static library ../../../libLLVMX86AsmParser.a
[ 82%] Built target LLVMX86AsmParser
Scanning dependencies of target LLVMX86Disassembler
[ 82%] Building CXX object lib/Target/X86/Disassembler/CMakeFiles/LLVMX86Disassembler.dir/X86Disassembler.cpp.o
[ 82%] Building CXX object lib/Target/X86/Disassembler/CMakeFiles/LLVMX86Disassembler.dir/X86DisassemblerDecoder.cpp.o
Linking CXX static library ../../../libLLVMX86Disassembler.a
[ 82%] Built target LLVMX86Disassembler
Scanning dependencies of target LLVMX86AsmPrinter
[ 82%] Building CXX object lib/Target/X86/InstPrinter/CMakeFiles/LLVMX86AsmPrinter.dir/X86ATTInstPrinter.cpp.o
[ 82%] Building CXX object lib/Target/X86/InstPrinter/CMakeFiles/LLVMX86AsmPrinter.dir/X86IntelInstPrinter.cpp.o
[ 82%] Building CXX object lib/Target/X86/InstPrinter/CMakeFiles/LLVMX86AsmPrinter.dir/X86InstComments.cpp.o
Linking CXX static library ../../../libLLVMX86AsmPrinter.a
[ 82%] Built target LLVMX86AsmPrinter
Scanning dependencies of target LLVMX86Desc
[ 82%] Building CXX object lib/Target/X86/MCTargetDesc/CMakeFiles/LLVMX86Desc.dir/X86AsmBackend.cpp.o
[ 82%] Building CXX object lib/Target/X86/MCTargetDesc/CMakeFiles/LLVMX86Desc.dir/X86MCTargetDesc.cpp.o
[ 83%] Building CXX object lib/Target/X86/MCTargetDesc/CMakeFiles/LLVMX86Desc.dir/X86MCAsmInfo.cpp.o
[ 83%] Building CXX object lib/Target/X86/MCTargetDesc/CMakeFiles/LLVMX86Desc.dir/X86MCCodeEmitter.cpp.o
[ 83%] Building CXX object lib/Target/X86/MCTargetDesc/CMakeFiles/LLVMX86Desc.dir/X86MachObjectWriter.cpp.o
[ 83%] Building CXX object lib/Target/X86/MCTargetDesc/CMakeFiles/LLVMX86Desc.dir/X86ELFObjectWriter.cpp.o
[ 83%] Building CXX object lib/Target/X86/MCTargetDesc/CMakeFiles/LLVMX86Desc.dir/X86WinCOFFStreamer.cpp.o
[ 83%] Building CXX object lib/Target/X86/MCTargetDesc/CMakeFiles/LLVMX86Desc.dir/X86WinCOFFObjectWriter.cpp.o
[ 83%] Building CXX object lib/Target/X86/MCTargetDesc/CMakeFiles/LLVMX86Desc.dir/X86MachORelocationInfo.cpp.o
[ 83%] Building CXX object lib/Target/X86/MCTargetDesc/CMakeFiles/LLVMX86Desc.dir/X86ELFRelocationInfo.cpp.o
Linking CXX static library ../../../libLLVMX86Desc.a
[ 83%] Built target LLVMX86Desc
Scanning dependencies of target LLVMX86Info
[ 84%] Building CXX object lib/Target/X86/TargetInfo/CMakeFiles/LLVMX86Info.dir/X86TargetInfo.cpp.o
Linking CXX static library ../../../libLLVMX86Info.a
[ 84%] Built target LLVMX86Info
Scanning dependencies of target LLVMX86Utils
[ 84%] Building CXX object lib/Target/X86/Utils/CMakeFiles/LLVMX86Utils.dir/X86ShuffleDecode.cpp.o
Linking CXX static library ../../../libLLVMX86Utils.a
[ 84%] Built target LLVMX86Utils
Scanning dependencies of target LLVMAsmParser
[ 84%] Building CXX object lib/AsmParser/CMakeFiles/LLVMAsmParser.dir/LLLexer.cpp.o
[ 84%] Building CXX object lib/AsmParser/CMakeFiles/LLVMAsmParser.dir/LLParser.cpp.o
[ 84%] Building CXX object lib/AsmParser/CMakeFiles/LLVMAsmParser.dir/Parser.cpp.o
Linking CXX static library ../libLLVMAsmParser.a
[ 84%] Built target LLVMAsmParser
Scanning dependencies of target LLVMLineEditor
[ 84%] Building CXX object lib/LineEditor/CMakeFiles/LLVMLineEditor.dir/LineEditor.cpp.o
Linking CXX static library ../libLLVMLineEditor.a
[ 84%] Built target LLVMLineEditor
Scanning dependencies of target LLVMProfileData
[ 84%] Building CXX object lib/ProfileData/CMakeFiles/LLVMProfileData.dir/InstrProf.cpp.o
[ 84%] Building CXX object lib/ProfileData/CMakeFiles/LLVMProfileData.dir/InstrProfReader.cpp.o
[ 84%] Building CXX object lib/ProfileData/CMakeFiles/LLVMProfileData.dir/InstrProfWriter.cpp.o
[ 86%] Building CXX object lib/ProfileData/CMakeFiles/LLVMProfileData.dir/CoverageMapping.cpp.o
[ 86%] Building CXX object lib/ProfileData/CMakeFiles/LLVMProfileData.dir/CoverageMappingWriter.cpp.o
[ 86%] Building CXX object lib/ProfileData/CMakeFiles/LLVMProfileData.dir/CoverageMappingReader.cpp.o
[ 86%] Building CXX object lib/ProfileData/CMakeFiles/LLVMProfileData.dir/SampleProf.cpp.o
[ 86%] Building CXX object lib/ProfileData/CMakeFiles/LLVMProfileData.dir/SampleProfReader.cpp.o
[ 86%] Building CXX object lib/ProfileData/CMakeFiles/LLVMProfileData.dir/SampleProfWriter.cpp.o
Linking CXX static library ../libLLVMProfileData.a
[ 86%] Built target LLVMProfileData
Scanning dependencies of target FileCheck
[ 86%] Building CXX object utils/FileCheck/CMakeFiles/FileCheck.dir/FileCheck.cpp.o
Linking CXX executable ../../bin/FileCheck
[ 86%] Built target FileCheck
Scanning dependencies of target llvm-PerfectShuffle
[ 86%] Building CXX object utils/PerfectShuffle/CMakeFiles/llvm-PerfectShuffle.dir/PerfectShuffle.cpp.o
Linking CXX executable ../../bin/llvm-PerfectShuffle
[ 86%] Built target llvm-PerfectShuffle
Scanning dependencies of target count
[ 86%] Building C object utils/count/CMakeFiles/count.dir/count.c.o
Linking C executable ../../bin/count
[ 86%] Built target count
Scanning dependencies of target not
[ 86%] Building CXX object utils/not/CMakeFiles/not.dir/not.cpp.o
Linking CXX executable ../../bin/not
[ 86%] Built target not
Scanning dependencies of target yaml-bench
[ 86%] Building CXX object utils/yaml-bench/CMakeFiles/yaml-bench.dir/YAMLBench.cpp.o
Linking CXX executable ../../bin/yaml-bench
[ 86%] Built target yaml-bench
Scanning dependencies of target gtest
[ 86%] Building CXX object utils/unittest/CMakeFiles/gtest.dir/googletest/src/gtest-all.cc.o
Linking CXX static library ../../lib/libgtest.a
[ 86%] Built target gtest
Scanning dependencies of target gtest_main
[ 86%] Building CXX object utils/unittest/UnitTestMain/CMakeFiles/gtest_main.dir/TestMain.cpp.o
Linking CXX static library ../../../lib/libgtest_main.a
[ 86%] Built target gtest_main
Scanning dependencies of target llvm-config
[ 86%] Building CXX object tools/llvm-config/CMakeFiles/llvm-config.dir/llvm-config.cpp.o
Linking CXX executable ../../bin/llvm-config
[ 86%] Built target llvm-config
Scanning dependencies of target opt
[ 86%] Building CXX object tools/opt/CMakeFiles/opt.dir/AnalysisWrappers.cpp.o
[ 86%] Building CXX object tools/opt/CMakeFiles/opt.dir/BreakpointPrinter.cpp.o
[ 86%] Building CXX object tools/opt/CMakeFiles/opt.dir/GraphPrinters.cpp.o
[ 87%] Building CXX object tools/opt/CMakeFiles/opt.dir/NewPMDriver.cpp.o
[ 87%] Building CXX object tools/opt/CMakeFiles/opt.dir/Passes.cpp.o
[ 87%] Building CXX object tools/opt/CMakeFiles/opt.dir/PassPrinters.cpp.o
[ 87%] Building CXX object tools/opt/CMakeFiles/opt.dir/PrintSCC.cpp.o
[ 87%] Building CXX object tools/opt/CMakeFiles/opt.dir/opt.cpp.o
Linking CXX executable ../../bin/opt
[ 87%] Built target opt
Scanning dependencies of target llvm-as
[ 87%] Building CXX object tools/llvm-as/CMakeFiles/llvm-as.dir/llvm-as.cpp.o
Linking CXX executable ../../bin/llvm-as
[ 87%] Built target llvm-as
Scanning dependencies of target llvm-dis
[ 87%] Building CXX object tools/llvm-dis/CMakeFiles/llvm-dis.dir/llvm-dis.cpp.o
Linking CXX executable ../../bin/llvm-dis
[ 87%] Built target llvm-dis
Scanning dependencies of target llvm-mc
[ 87%] Building CXX object tools/llvm-mc/CMakeFiles/llvm-mc.dir/llvm-mc.cpp.o
[ 87%] Building CXX object tools/llvm-mc/CMakeFiles/llvm-mc.dir/Disassembler.cpp.o
Linking CXX executable ../../bin/llvm-mc
[ 87%] Built target llvm-mc
Scanning dependencies of target llc
[ 87%] Building CXX object tools/llc/CMakeFiles/llc.dir/llc.cpp.o
Linking CXX executable ../../bin/llc
[ 87%] Built target llc
Scanning dependencies of target llvm-ar
[ 87%] Building CXX object tools/llvm-ar/CMakeFiles/llvm-ar.dir/llvm-ar.cpp.o
Linking CXX executable ../../bin/llvm-ar
[ 87%] Built target llvm-ar
Scanning dependencies of target llvm-ranlib
[ 87%] Generating ../.././bin/llvm-ranlib
[ 87%] Built target llvm-ranlib
Scanning dependencies of target llvm-nm
[ 87%] Building CXX object tools/llvm-nm/CMakeFiles/llvm-nm.dir/llvm-nm.cpp.o
Linking CXX executable ../../bin/llvm-nm
[ 87%] Built target llvm-nm
Scanning dependencies of target llvm-size
[ 87%] Building CXX object tools/llvm-size/CMakeFiles/llvm-size.dir/llvm-size.cpp.o
Linking CXX executable ../../bin/llvm-size
[ 87%] Built target llvm-size
Scanning dependencies of target llvm-cov
[ 87%] Building CXX object tools/llvm-cov/CMakeFiles/llvm-cov.dir/llvm-cov.cpp.o
[ 88%] Building CXX object tools/llvm-cov/CMakeFiles/llvm-cov.dir/gcov.cpp.o
[ 88%] Building CXX object tools/llvm-cov/CMakeFiles/llvm-cov.dir/CodeCoverage.cpp.o
[ 88%] Building CXX object tools/llvm-cov/CMakeFiles/llvm-cov.dir/CoverageFilters.cpp.o
[ 88%] Building CXX object tools/llvm-cov/CMakeFiles/llvm-cov.dir/CoverageReport.cpp.o
[ 88%] Building CXX object tools/llvm-cov/CMakeFiles/llvm-cov.dir/CoverageSummary.cpp.o
[ 88%] Building CXX object tools/llvm-cov/CMakeFiles/llvm-cov.dir/CoverageSummaryInfo.cpp.o
[ 88%] Building CXX object tools/llvm-cov/CMakeFiles/llvm-cov.dir/SourceCoverageView.cpp.o
[ 88%] Building CXX object tools/llvm-cov/CMakeFiles/llvm-cov.dir/TestingSupport.cpp.o
Linking CXX executable ../../bin/llvm-cov
[ 88%] Built target llvm-cov
Scanning dependencies of target llvm-profdata
[ 88%] Building CXX object tools/llvm-profdata/CMakeFiles/llvm-profdata.dir/llvm-profdata.cpp.o
Linking CXX executable ../../bin/llvm-profdata
[ 88%] Built target llvm-profdata
Scanning dependencies of target llvm-link
[ 89%] Building CXX object tools/llvm-link/CMakeFiles/llvm-link.dir/llvm-link.cpp.o
Linking CXX executable ../../bin/llvm-link
[ 89%] Built target llvm-link
Scanning dependencies of target lli
[ 89%] Building CXX object tools/lli/CMakeFiles/lli.dir/lli.cpp.o
[ 90%] Building CXX object tools/lli/CMakeFiles/lli.dir/RemoteMemoryManager.cpp.o
[ 90%] Building CXX object tools/lli/CMakeFiles/lli.dir/RemoteTarget.cpp.o
[ 90%] Building CXX object tools/lli/CMakeFiles/lli.dir/RemoteTargetExternal.cpp.o
Linking CXX executable ../../bin/lli
[ 90%] Built target lli
Scanning dependencies of target lli-child-target
[ 90%] Building CXX object tools/lli/ChildTarget/CMakeFiles/lli-child-target.dir/ChildTarget.cpp.o
[ 90%] Building CXX object tools/lli/ChildTarget/CMakeFiles/lli-child-target.dir/__/RemoteTarget.cpp.o
Linking CXX executable ../../../bin/lli-child-target
[ 90%] Built target lli-child-target
Scanning dependencies of target llvm-extract
[ 90%] Building CXX object tools/llvm-extract/CMakeFiles/llvm-extract.dir/llvm-extract.cpp.o
Linking CXX executable ../../bin/llvm-extract
[ 90%] Built target llvm-extract
Scanning dependencies of target llvm-diff
[ 90%] Building CXX object tools/llvm-diff/CMakeFiles/llvm-diff.dir/llvm-diff.cpp.o
[ 90%] Building CXX object tools/llvm-diff/CMakeFiles/llvm-diff.dir/DiffConsumer.cpp.o
[ 91%] Building CXX object tools/llvm-diff/CMakeFiles/llvm-diff.dir/DiffLog.cpp.o
[ 91%] Building CXX object tools/llvm-diff/CMakeFiles/llvm-diff.dir/DifferenceEngine.cpp.o
Linking CXX executable ../../bin/llvm-diff
[ 91%] Built target llvm-diff
Scanning dependencies of target macho-dump
[ 91%] Building CXX object tools/macho-dump/CMakeFiles/macho-dump.dir/macho-dump.cpp.o
Linking CXX executable ../../bin/macho-dump
[ 91%] Built target macho-dump
Scanning dependencies of target llvm-objdump
[ 91%] Building CXX object tools/llvm-objdump/CMakeFiles/llvm-objdump.dir/llvm-objdump.cpp.o
[ 91%] Building CXX object tools/llvm-objdump/CMakeFiles/llvm-objdump.dir/COFFDump.cpp.o
[ 91%] Building CXX object tools/llvm-objdump/CMakeFiles/llvm-objdump.dir/ELFDump.cpp.o
[ 93%] Building CXX object tools/llvm-objdump/CMakeFiles/llvm-objdump.dir/MachODump.cpp.o
Linking CXX executable ../../bin/llvm-objdump
[ 93%] Built target llvm-objdump
Scanning dependencies of target llvm-readobj
[ 93%] Building CXX object tools/llvm-readobj/CMakeFiles/llvm-readobj.dir/ARMAttributeParser.cpp.o
[ 93%] Building CXX object tools/llvm-readobj/CMakeFiles/llvm-readobj.dir/ARMWinEHPrinter.cpp.o
[ 93%] Building CXX object tools/llvm-readobj/CMakeFiles/llvm-readobj.dir/COFFDumper.cpp.o
[ 93%] Building CXX object tools/llvm-readobj/CMakeFiles/llvm-readobj.dir/ELFDumper.cpp.o
[ 93%] Building CXX object tools/llvm-readobj/CMakeFiles/llvm-readobj.dir/Error.cpp.o
[ 93%] Building CXX object tools/llvm-readobj/CMakeFiles/llvm-readobj.dir/llvm-readobj.cpp.o
[ 93%] Building CXX object tools/llvm-readobj/CMakeFiles/llvm-readobj.dir/MachODumper.cpp.o
[ 94%] Building CXX object tools/llvm-readobj/CMakeFiles/llvm-readobj.dir/ObjDumper.cpp.o
[ 94%] Building CXX object tools/llvm-readobj/CMakeFiles/llvm-readobj.dir/StreamWriter.cpp.o
[ 94%] Building CXX object tools/llvm-readobj/CMakeFiles/llvm-readobj.dir/Win64EHDumper.cpp.o
Linking CXX executable ../../bin/llvm-readobj
[ 94%] Built target llvm-readobj
Scanning dependencies of target llvm-rtdyld
[ 94%] Building CXX object tools/llvm-rtdyld/CMakeFiles/llvm-rtdyld.dir/llvm-rtdyld.cpp.o
Linking CXX executable ../../bin/llvm-rtdyld
[ 94%] Built target llvm-rtdyld
Scanning dependencies of target llvm-dwarfdump
[ 94%] Building CXX object tools/llvm-dwarfdump/CMakeFiles/llvm-dwarfdump.dir/llvm-dwarfdump.cpp.o
Linking CXX executable ../../bin/llvm-dwarfdump
[ 94%] Built target llvm-dwarfdump
Scanning dependencies of target llvm-dsymutil
[ 94%] Building CXX object tools/dsymutil/CMakeFiles/llvm-dsymutil.dir/dsymutil.cpp.o
[ 94%] Building CXX object tools/dsymutil/CMakeFiles/llvm-dsymutil.dir/BinaryHolder.cpp.o
[ 94%] Building CXX object tools/dsymutil/CMakeFiles/llvm-dsymutil.dir/DebugMap.cpp.o
[ 94%] Building CXX object tools/dsymutil/CMakeFiles/llvm-dsymutil.dir/DwarfLinker.cpp.o
[ 94%] Building CXX object tools/dsymutil/CMakeFiles/llvm-dsymutil.dir/MachODebugMapParser.cpp.o
Linking CXX executable ../../bin/llvm-dsymutil
[ 94%] Built target llvm-dsymutil
Scanning dependencies of target llvm-vtabledump
[ 94%] Building CXX object tools/llvm-vtabledump/CMakeFiles/llvm-vtabledump.dir/llvm-vtabledump.cpp.o
[ 95%] Building CXX object tools/llvm-vtabledump/CMakeFiles/llvm-vtabledump.dir/Error.cpp.o
Linking CXX executable ../../bin/llvm-vtabledump
[ 95%] Built target llvm-vtabledump
Scanning dependencies of target bugpoint
[ 95%] Building CXX object tools/bugpoint/CMakeFiles/bugpoint.dir/BugDriver.cpp.o
[ 95%] Building CXX object tools/bugpoint/CMakeFiles/bugpoint.dir/CrashDebugger.cpp.o
[ 95%] Building CXX object tools/bugpoint/CMakeFiles/bugpoint.dir/ExecutionDriver.cpp.o
[ 95%] Building CXX object tools/bugpoint/CMakeFiles/bugpoint.dir/ExtractFunction.cpp.o
[ 95%] Building CXX object tools/bugpoint/CMakeFiles/bugpoint.dir/FindBugs.cpp.o
[ 95%] Building CXX object tools/bugpoint/CMakeFiles/bugpoint.dir/Miscompilation.cpp.o
[ 95%] Building CXX object tools/bugpoint/CMakeFiles/bugpoint.dir/OptimizerDriver.cpp.o
[ 95%] Building CXX object tools/bugpoint/CMakeFiles/bugpoint.dir/ToolRunner.cpp.o
[ 96%] Building CXX object tools/bugpoint/CMakeFiles/bugpoint.dir/bugpoint.cpp.o
Linking CXX executable ../../bin/bugpoint
[ 96%] Built target bugpoint
Scanning dependencies of target BugpointPasses
[ 96%] Building CXX object tools/bugpoint-passes/CMakeFiles/BugpointPasses.dir/TestPasses.cpp.o
Linking CXX shared module ../../lib/BugpointPasses.so
[ 96%] Built target BugpointPasses
Scanning dependencies of target llvm-bcanalyzer
[ 96%] Building CXX object tools/llvm-bcanalyzer/CMakeFiles/llvm-bcanalyzer.dir/llvm-bcanalyzer.cpp.o
Linking CXX executable ../../bin/llvm-bcanalyzer
[ 96%] Built target llvm-bcanalyzer
Scanning dependencies of target llvm-stress
[ 96%] Building CXX object tools/llvm-stress/CMakeFiles/llvm-stress.dir/llvm-stress.cpp.o
Linking CXX executable ../../bin/llvm-stress
[ 96%] Built target llvm-stress
Scanning dependencies of target llvm-mcmarkup
[ 96%] Building CXX object tools/llvm-mcmarkup/CMakeFiles/llvm-mcmarkup.dir/llvm-mcmarkup.cpp.o
Linking CXX executable ../../bin/llvm-mcmarkup
[ 96%] Built target llvm-mcmarkup
Scanning dependencies of target verify-uselistorder
[ 96%] Building CXX object tools/verify-uselistorder/CMakeFiles/verify-uselistorder.dir/verify-uselistorder.cpp.o
Linking CXX executable ../../bin/verify-uselistorder
[ 96%] Built target verify-uselistorder
Scanning dependencies of target llvm-symbolizer
[ 96%] Building CXX object tools/llvm-symbolizer/CMakeFiles/llvm-symbolizer.dir/LLVMSymbolize.cpp.o
[ 96%] Building CXX object tools/llvm-symbolizer/CMakeFiles/llvm-symbolizer.dir/llvm-symbolizer.cpp.o
Linking CXX executable ../../bin/llvm-symbolizer
[ 96%] Built target llvm-symbolizer
Scanning dependencies of target llvm-c-test
[ 96%] Building C object tools/llvm-c-test/CMakeFiles/llvm-c-test.dir/calc.c.o
[ 97%] Building C object tools/llvm-c-test/CMakeFiles/llvm-c-test.dir/disassemble.c.o
[ 97%] Building C object tools/llvm-c-test/CMakeFiles/llvm-c-test.dir/helpers.c.o
[ 97%] Building C object tools/llvm-c-test/CMakeFiles/llvm-c-test.dir/include-all.c.o
[ 97%] Building C object tools/llvm-c-test/CMakeFiles/llvm-c-test.dir/main.c.o
[ 97%] Building C object tools/llvm-c-test/CMakeFiles/llvm-c-test.dir/module.c.o
[ 97%] Building C object tools/llvm-c-test/CMakeFiles/llvm-c-test.dir/metadata.c.o
[ 97%] Building C object tools/llvm-c-test/CMakeFiles/llvm-c-test.dir/object.c.o
[ 97%] Building C object tools/llvm-c-test/CMakeFiles/llvm-c-test.dir/targets.c.o
Linking CXX executable ../../bin/llvm-c-test
[ 97%] Built target llvm-c-test
Scanning dependencies of target obj2yaml
[ 97%] Building CXX object tools/obj2yaml/CMakeFiles/obj2yaml.dir/obj2yaml.cpp.o
[ 97%] Building CXX object tools/obj2yaml/CMakeFiles/obj2yaml.dir/coff2yaml.cpp.o
[ 97%] Building CXX object tools/obj2yaml/CMakeFiles/obj2yaml.dir/elf2yaml.cpp.o
[ 97%] Building CXX object tools/obj2yaml/CMakeFiles/obj2yaml.dir/Error.cpp.o
Linking CXX executable ../../bin/obj2yaml
[ 97%] Built target obj2yaml
Scanning dependencies of target yaml2obj
[ 97%] Building CXX object tools/yaml2obj/CMakeFiles/yaml2obj.dir/yaml2obj.cpp.o
[ 97%] Building CXX object tools/yaml2obj/CMakeFiles/yaml2obj.dir/yaml2coff.cpp.o
[ 98%] Building CXX object tools/yaml2obj/CMakeFiles/yaml2obj.dir/yaml2elf.cpp.o
Linking CXX executable ../../bin/yaml2obj
[ 98%] Built target yaml2obj
Scanning dependencies of target LTO_exports
[ 98%] Creating export file for LTO
[ 98%] Built target LTO_exports
Scanning dependencies of target LTO
[ 98%] Building CXX object tools/lto/CMakeFiles/LTO.dir/LTODisassembler.cpp.o
[100%] Building CXX object tools/lto/CMakeFiles/LTO.dir/lto.cpp.o
Linking CXX shared library ../../lib/libLTO.so
[100%] Built target LTO
Scanning dependencies of target llvm-lto
[100%] Building CXX object tools/llvm-lto/CMakeFiles/llvm-lto.dir/llvm-lto.cpp.o
Linking CXX executable ../../bin/llvm-lto
[100%] Built target llvm-lto
