opt = -p, arg = /home/osboxes/Downloads/seahorn/build/run
opt = -b, arg = build
opt = --staticlib, arg = 
New component: 'util'
New component: 'polynomial'
New component: 'sat'
New component: 'nlsat'
New component: 'hilbert'
New component: 'simplex'
New component: 'interval'
New component: 'realclosure'
New component: 'subpaving'
New component: 'ast'
New component: 'rewriter'
New component: 'normal_forms'
New component: 'model'
New component: 'tactic'
New component: 'substitution'
New component: 'parser_util'
New component: 'grobner'
New component: 'euclid'
New component: 'core_tactics'
New component: 'sat_tactic'
New component: 'arith_tactics'
New component: 'nlsat_tactic'
New component: 'subpaving_tactic'
New component: 'aig_tactic'
New component: 'solver'
New component: 'interp'
New component: 'cmd_context'
New component: 'extra_cmds'
New component: 'smt2parser'
New component: 'proof_checker'
New component: 'simplifier'
New component: 'fpa'
New component: 'macros'
New component: 'pattern'
New component: 'bit_blaster'
New component: 'smt_params'
New component: 'proto_model'
New component: 'smt'
New component: 'user_plugin'
New component: 'bv_tactics'
New component: 'fuzzing'
New component: 'smt_tactic'
New component: 'fpa_tactics'
New component: 'sls_tactic'
New component: 'qe'
New component: 'duality'
New component: 'muz'
New component: 'transforms'
New component: 'rel'
New component: 'pdr'
New component: 'spacer'
New component: 'clp'
New component: 'tab'
New component: 'bmc'
New component: 'ddnf'
New component: 'duality_intf'
New component: 'fp'
New component: 'smtlogic_tactics'
New component: 'ufbv_tactic'
New component: 'portfolio'
New component: 'smtparser'
New component: 'opt'
New component: 'api'
New component: 'shell'
New component: 'test'
New component: 'api_dll'
New component: 'dotnet'
New component: 'java'
New component: 'ml'
New component: 'cpp'
Python bindings directory was detected.
New component: 'cpp_example'
New component: 'iz3'
New component: 'z3_tptp'
New component: 'c_example'
New component: 'maxsat'
New component: 'dotnet_example'
New component: 'java_example'
New component: 'ml_example'
New component: 'py_example'
Generated 'src/util/version.h'
Updated 'src/api/dotnet/Properties/AssemblyInfo'
Generated 'src/tactic/sls/sls_params.hpp'
Generated 'src/sat/sat_params.hpp'
Generated 'src/sat/sat_asymm_branch_params.hpp'
Generated 'src/sat/sat_simplifier_params.hpp'
Generated 'src/sat/sat_scc_params.hpp'
Generated 'src/ast/pp_params.hpp'
Generated 'src/ast/normal_forms/nnf_params.hpp'
Generated 'src/ast/pattern/pattern_inference_params_helper.hpp'
Generated 'src/ast/simplifier/array_simplifier_params_helper.hpp'
Generated 'src/ast/simplifier/bv_simplifier_params_helper.hpp'
Generated 'src/ast/simplifier/arith_simplifier_params_helper.hpp'
Generated 'src/ast/rewriter/bv_rewriter_params.hpp'
Generated 'src/ast/rewriter/poly_rewriter_params.hpp'
Generated 'src/ast/rewriter/rewriter_params.hpp'
Generated 'src/ast/rewriter/bool_rewriter_params.hpp'
Generated 'src/ast/rewriter/array_rewriter_params.hpp'
Generated 'src/ast/rewriter/arith_rewriter_params.hpp'
Generated 'src/ast/rewriter/fpa_rewriter_params.hpp'
Generated 'src/ast/fpa/fpa2bv_rewriter_params.hpp'
Generated 'src/nlsat/nlsat_params.hpp'
Generated 'src/smt/params/smt_params_helper.hpp'
Generated 'src/parsers/util/parser_params.hpp'
Generated 'src/muz/base/fixedpoint_params.hpp'
Generated 'src/model/model_params.hpp'
Generated 'src/model/model_evaluator_params.hpp'
Generated 'src/opt/opt_params.hpp'
Generated 'src/math/realclosure/rcf_params.hpp'
Generated 'src/math/polynomial/algebraic_params.hpp'
Generated 'src/solver/combined_solver_params.hpp'
Generated 'src/interp/interp_params.hpp'
Generated 'src/ast/pattern/database.h'
Generated 'src/shell/install_tactic.cpp'
Generated 'src/test/install_tactic.cpp'
Generated 'src/api/dll/install_tactic.cpp'
Generated 'src/shell/mem_initializer.cpp'
Generated 'src/test/mem_initializer.cpp'
Generated 'src/api/dll/mem_initializer.cpp'
Generated 'src/shell/gparams_register_modules.cpp'
Generated 'src/test/gparams_register_modules.cpp'
Generated 'src/api/dll/gparams_register_modules.cpp'
Generated 'src/api/python/z3consts.py'
Generated 'src/api/dotnet/Enumerations.cs'
Generated 'src/api/api_log_macros.h'
Generated 'src/api/api_log_macros.cpp'
Generated 'src/api/api_commands.cpp'
Generated 'src/api/python/z3core.py'
Generated 'src/api/dotnet/Native.cs'
Listing src/api/python ...
Compiling src/api/python/z3.py ...
Compiling src/api/python/z3consts.py ...
Compiling src/api/python/z3core.py ...
Compiling src/api/python/z3num.py ...
Compiling src/api/python/z3poly.py ...
Compiling src/api/python/z3printer.py ...
Compiling src/api/python/z3rcf.py ...
Compiling src/api/python/z3test.py ...
Compiling src/api/python/z3types.py ...
Compiling src/api/python/z3util.py ...
Copied 'z3.py'
Copied 'z3rcf.py'
Copied 'z3poly.py'
Copied 'z3consts.py'
Copied 'z3core.py'
Copied 'z3util.py'
Copied 'z3printer.py'
Copied 'z3types.py'
Copied 'z3num.py'
Copied 'z3test.py'
Generated 'z3util.pyc'
Generated 'z3.pyc'
Generated 'z3poly.pyc'
Generated 'z3consts.pyc'
Generated 'z3num.pyc'
Generated 'z3rcf.pyc'
Generated 'z3printer.pyc'
Generated 'z3types.pyc'
Generated 'z3test.pyc'
Generated 'z3core.pyc'
Testing ar...
Testing /usr/bin/c++...
Testing /usr/bin/cc...
Testing OpenMP...
Host platform:  Linux
C++ Compiler:   /usr/bin/c++
C Compiler  :   /usr/bin/cc
Arithmetic:     internal
OpenMP:         True
Prefix:         /home/osboxes/Downloads/seahorn/build/run
64-bit:         True
Python version: 2.7
Writing build/Makefile
Copied Z3Py example 'basic.py' to 'build'
Copied Z3Py example 'example.py' to 'build'
Copied Z3Py example 'bitblast.py' to 'build'
Makefile was successfully generated.
  python packages dir: /home/osboxes/Downloads/seahorn/build/run/lib/python2.7/dist-packages
  compilation mode: Release
Type 'cd build; make' to build Z3
